12:09:16.841 INFO - Selenium build info: version: '3.6.0', revision: '6fbf3ec767'
12:09:16.841 INFO - Launching a standalone Selenium Server
2017-11-08 12:09:16.868:INFO::main: Logging initialized @278ms to org.seleniumhq.jetty9.util.log.StdErrLog
12:09:16.910 INFO - Driver class not found: com.opera.core.systems.OperaDriver
12:09:16.925 INFO - Driver provider class org.openqa.selenium.safari.SafariDriver registration is skipped:
 registration capabilities Capabilities [{browserName=safari, version=, platform=MAC}] does not match the current platform WIN10
12:09:16.941 INFO - Using the passthrough mode handler
2017-11-08 12:09:16.972:INFO:osjs.Server:main: jetty-9.4.5.v20170502
2017-11-08 12:09:16.988:WARN:osjs.SecurityHandler:main: ServletContext@o.s.j.s.ServletContextHandler@7d20d0b{/,null,STARTING} has uncovered http methods for path: /
2017-11-08 12:09:16.988:INFO:osjsh.ContextHandler:main: Started o.s.j.s.ServletContextHandler@7d20d0b{/,null,AVAILABLE}
2017-11-08 12:09:17.074:INFO:osjs.AbstractConnector:main: Started ServerConnector@649bec2e{HTTP/1.1,[http/1.1]}{0.0.0.0:4445}
2017-11-08 12:09:17.074:INFO:osjs.Server:main: Started @491ms
12:09:17.074 INFO - Selenium Server is up and running
2017-11-08 12:09:17.275:INFO:osjshC.ROOT:qtp1308109015-14: org.openqa.selenium.remote.server.WebDriverServlet-72967906: Initialising WebDriverServlet
12:09:17.306 INFO - Binding default provider to: org.openqa.selenium.chrome.ChromeDriverService
12:09:17.306 INFO - Found handler: org.openqa.selenium.remote.server.commandhandler.BeginSession@21d8cd9c
12:09:17.324 INFO - /session: Executing POST on /session (handler: BeginSession)
12:09:17.358 INFO - Capabilities are: Capabilities {acceptSslCerts=true, name=Support Us, browserName=chrome, javascriptEnabled=true, platformName=ANY, platform=ANY, }
12:09:17.358 INFO - Capabilities {acceptSslCerts=true, name=Support Us, browserName=chrome, javascriptEnabled=true, platformName=ANY, platform=ANY, } matched class org.openqa.selenium.remote.server.ServicedSession$Factory (provider: org.openqa.selenium.chrome.ChromeDriverService)
12:09:17.358 INFO - Capabilities {acceptSslCerts=true, name=Support Us, browserName=chrome, javascriptEnabled=true, platformName=ANY, platform=ANY, } matched class org.openqa.selenium.remote.server.ServicedSession$Factory (provider: org.openqa.selenium.chrome.ChromeDriverService)
Starting ChromeDriver 2.33.506120 (e3e53437346286c0bc2d2dc9aa4915ba81d9023f) on port 43492
Only local connections are allowed.
12:09:19.780 INFO - Found handler: org.openqa.selenium.remote.server.ServicedSession@5abea67a
12:09:19.780 INFO - Handler thread for session ac6988f44d6d0d1e1a860398ef5f5d44 (chrome): Executing POST on /session/ac6988f44d6d0d1e1a860398ef5f5d44/url (handler: ServicedSession)
12:09:19.784 INFO - To upstream: {"url":"http://localhost:3000"}
12:09:21.375 INFO - To downstream: {"sessionId":"ac6988f44d6d0d1e1a860398ef5f5d44","status":0,"value":null}
12:09:21.382 INFO - Found handler: org.openqa.selenium.remote.server.ServicedSession@5abea67a
12:09:21.382 INFO - Handler thread for session ac6988f44d6d0d1e1a860398ef5f5d44 (chrome): Executing POST on /session/ac6988f44d6d0d1e1a860398ef5f5d44/window/current/maximize (handler: ServicedSession)
12:09:21.384 INFO - To upstream: 
12:09:22.521 INFO - To downstream: {"sessionId":"ac6988f44d6d0d1e1a860398ef5f5d44","status":0,"value":null}
12:09:22.523 INFO - Found handler: org.openqa.selenium.remote.server.ServicedSession@5abea67a
12:09:22.523 INFO - Handler thread for session ac6988f44d6d0d1e1a860398ef5f5d44 (chrome): Executing POST on /session/ac6988f44d6d0d1e1a860398ef5f5d44/elements (handler: ServicedSession)
12:09:22.523 INFO - To upstream: {"using":"css selector","value":"body"}
12:09:22.538 INFO - To downstream: {"sessionId":"ac6988f44d6d0d1e1a860398ef5f5d44","status":0,"value":[{"ELEMENT":"0.18491672114664737-1"}]}
12:09:22.554 INFO - Found handler: org.openqa.selenium.remote.server.ServicedSession@5abea67a
12:09:22.554 INFO - Handler thread for session ac6988f44d6d0d1e1a860398ef5f5d44 (chrome): Executing POST on /session/ac6988f44d6d0d1e1a860398ef5f5d44/element (handler: ServicedSession)
12:09:22.554 INFO - To upstream: {"using":"css selector","value":"a[href=\"/support\"]"}
12:09:22.590 INFO - To downstream: {"sessionId":"ac6988f44d6d0d1e1a860398ef5f5d44","status":0,"value":{"ELEMENT":"0.18491672114664737-2"}}
12:09:22.594 INFO - Found handler: org.openqa.selenium.remote.server.ServicedSession@5abea67a
12:09:22.594 INFO - Handler thread for session ac6988f44d6d0d1e1a860398ef5f5d44 (chrome): Executing POST on /session/ac6988f44d6d0d1e1a860398ef5f5d44/element/0.18491672114664737-2/click (handler: ServicedSession)
12:09:22.596 INFO - To upstream: 
12:09:22.729 INFO - To downstream: {"sessionId":"ac6988f44d6d0d1e1a860398ef5f5d44","status":0,"value":null}
12:09:22.735 INFO - Found handler: org.openqa.selenium.remote.server.ServicedSession@5abea67a
12:09:22.735 INFO - Handler thread for session ac6988f44d6d0d1e1a860398ef5f5d44 (chrome): Executing POST on /session/ac6988f44d6d0d1e1a860398ef5f5d44/elements (handler: ServicedSession)
12:09:22.738 INFO - To upstream: {"using":"css selector","value":"li"}
12:09:22.761 INFO - To downstream: {"sessionId":"ac6988f44d6d0d1e1a860398ef5f5d44","status":0,"value":[{"ELEMENT":"0.18491672114664737-3"},{"ELEMENT":"0.18491672114664737-4"},{"ELEMENT":"0.18491672114664737-5"},{"ELEMENT":"0.18491672114664737-6"},{"ELEMENT":"0.18491672114664737-7"},{"ELEMENT":"0.18491672114664737-8"},{"ELEMENT":"0.18491672114664737-9"},{"ELEMENT":"0.18491672114664737-10"},{"ELEMENT":"0.18491672114664737-11"},{"ELEMENT":"0.18491672114664737-12"},{"ELEMENT":"0.18491672114664737-13"},{"ELEMENT":"0.18491672114664737-14"}]}
12:09:23.268 INFO - Found handler: org.openqa.selenium.remote.server.ServicedSession@5abea67a
12:09:23.268 INFO - Handler thread for session ac6988f44d6d0d1e1a860398ef5f5d44 (chrome): Executing GET on /session/ac6988f44d6d0d1e1a860398ef5f5d44/element/0.18491672114664737-3/text (handler: ServicedSession)
12:09:23.305 INFO - To downstream: {"sessionId":"ac6988f44d6d0d1e1a860398ef5f5d44","status":0,"value":"Home"}
12:09:23.305 INFO - Found handler: org.openqa.selenium.remote.server.ServicedSession@5abea67a
12:09:23.305 INFO - Handler thread for session ac6988f44d6d0d1e1a860398ef5f5d44 (chrome): Executing GET on /session/ac6988f44d6d0d1e1a860398ef5f5d44/element/0.18491672114664737-4/text (handler: ServicedSession)
12:09:23.336 INFO - To downstream: {"sessionId":"ac6988f44d6d0d1e1a860398ef5f5d44","status":0,"value":"Calendar"}
12:09:23.336 INFO - Found handler: org.openqa.selenium.remote.server.ServicedSession@5abea67a
12:09:23.336 INFO - Handler thread for session ac6988f44d6d0d1e1a860398ef5f5d44 (chrome): Executing POST on /session/ac6988f44d6d0d1e1a860398ef5f5d44/element/0.18491672114664737-4/click (handler: ServicedSession)
12:09:23.342 INFO - To upstream: 
12:09:23.412 INFO - To downstream: {"sessionId":"ac6988f44d6d0d1e1a860398ef5f5d44","status":0,"value":null}
12:09:23.421 INFO - Found handler: org.openqa.selenium.remote.server.ServicedSession@5abea67a
12:09:23.421 INFO - Handler thread for session ac6988f44d6d0d1e1a860398ef5f5d44 (chrome): Executing GET on /session/ac6988f44d6d0d1e1a860398ef5f5d44/element/0.18491672114664737-5/text (handler: ServicedSession)
12:09:23.451 INFO - To downstream: {"sessionId":"ac6988f44d6d0d1e1a860398ef5f5d44","status":0,"value":"About Us"}
12:09:23.454 INFO - Found handler: org.openqa.selenium.remote.server.ServicedSession@5abea67a
12:09:23.455 INFO - Handler thread for session ac6988f44d6d0d1e1a860398ef5f5d44 (chrome): Executing GET on /session/ac6988f44d6d0d1e1a860398ef5f5d44/element/0.18491672114664737-6/text (handler: ServicedSession)
12:09:23.478 INFO - To downstream: {"sessionId":"ac6988f44d6d0d1e1a860398ef5f5d44","status":0,"value":"Media"}
12:09:23.481 INFO - Found handler: org.openqa.selenium.remote.server.ServicedSession@5abea67a
12:09:23.481 INFO - Handler thread for session ac6988f44d6d0d1e1a860398ef5f5d44 (chrome): Executing GET on /session/ac6988f44d6d0d1e1a860398ef5f5d44/element/0.18491672114664737-7/text (handler: ServicedSession)
12:09:23.498 INFO - To downstream: {"sessionId":"ac6988f44d6d0d1e1a860398ef5f5d44","status":0,"value":"Blog"}
12:09:23.501 INFO - Found handler: org.openqa.selenium.remote.server.ServicedSession@5abea67a
12:09:23.502 INFO - Handler thread for session ac6988f44d6d0d1e1a860398ef5f5d44 (chrome): Executing GET on /session/ac6988f44d6d0d1e1a860398ef5f5d44/element/0.18491672114664737-8/text (handler: ServicedSession)
12:09:23.519 INFO - To downstream: {"sessionId":"ac6988f44d6d0d1e1a860398ef5f5d44","status":0,"value":"Support Us"}
12:09:23.523 INFO - Found handler: org.openqa.selenium.remote.server.ServicedSession@5abea67a
12:09:23.523 INFO - Handler thread for session ac6988f44d6d0d1e1a860398ef5f5d44 (chrome): Executing GET on /session/ac6988f44d6d0d1e1a860398ef5f5d44/element/0.18491672114664737-9/text (handler: ServicedSession)
12:09:23.541 INFO - To downstream: {"sessionId":"ac6988f44d6d0d1e1a860398ef5f5d44","status":0,"value":"Home"}
12:09:23.542 INFO - Found handler: org.openqa.selenium.remote.server.ServicedSession@5abea67a
12:09:23.542 INFO - Handler thread for session ac6988f44d6d0d1e1a860398ef5f5d44 (chrome): Executing GET on /session/ac6988f44d6d0d1e1a860398ef5f5d44/element/0.18491672114664737-10/text (handler: ServicedSession)
12:09:23.563 INFO - To downstream: {"sessionId":"ac6988f44d6d0d1e1a860398ef5f5d44","status":0,"value":"About us"}
12:09:23.566 INFO - Found handler: org.openqa.selenium.remote.server.ServicedSession@5abea67a
12:09:23.566 INFO - Handler thread for session ac6988f44d6d0d1e1a860398ef5f5d44 (chrome): Executing GET on /session/ac6988f44d6d0d1e1a860398ef5f5d44/element/0.18491672114664737-11/text (handler: ServicedSession)
12:09:23.584 INFO - To downstream: {"sessionId":"ac6988f44d6d0d1e1a860398ef5f5d44","status":0,"value":"Our Team"}
12:09:23.587 INFO - Found handler: org.openqa.selenium.remote.server.ServicedSession@5abea67a
12:09:23.587 INFO - Handler thread for session ac6988f44d6d0d1e1a860398ef5f5d44 (chrome): Executing GET on /session/ac6988f44d6d0d1e1a860398ef5f5d44/element/0.18491672114664737-12/text (handler: ServicedSession)
12:09:23.604 INFO - To downstream: {"sessionId":"ac6988f44d6d0d1e1a860398ef5f5d44","status":0,"value":"Calendar"}
12:09:23.610 INFO - Found handler: org.openqa.selenium.remote.server.ServicedSession@5abea67a
12:09:23.610 INFO - Handler thread for session ac6988f44d6d0d1e1a860398ef5f5d44 (chrome): Executing POST on /session/ac6988f44d6d0d1e1a860398ef5f5d44/element/0.18491672114664737-12/click (handler: ServicedSession)
12:09:23.611 INFO - To upstream: 
12:09:23.678 INFO - To downstream: {"sessionId":"ac6988f44d6d0d1e1a860398ef5f5d44","status":0,"value":null}
12:09:23.683 INFO - Found handler: org.openqa.selenium.remote.server.ServicedSession@5abea67a
12:09:23.684 INFO - Handler thread for session ac6988f44d6d0d1e1a860398ef5f5d44 (chrome): Executing GET on /session/ac6988f44d6d0d1e1a860398ef5f5d44/element/0.18491672114664737-13/text (handler: ServicedSession)
12:09:23.704 INFO - To downstream: {"sessionId":"ac6988f44d6d0d1e1a860398ef5f5d44","status":0,"value":"Volunteer"}
12:09:23.707 INFO - Found handler: org.openqa.selenium.remote.server.ServicedSession@5abea67a
12:09:23.707 INFO - Handler thread for session ac6988f44d6d0d1e1a860398ef5f5d44 (chrome): Executing GET on /session/ac6988f44d6d0d1e1a860398ef5f5d44/element/0.18491672114664737-14/text (handler: ServicedSession)
12:09:23.724 INFO - To downstream: {"sessionId":"ac6988f44d6d0d1e1a860398ef5f5d44","status":0,"value":"Donate"}
12:09:23.731 INFO - Found handler: org.openqa.selenium.remote.server.ServicedSession@5abea67a
12:09:23.731 INFO - Handler thread for session ac6988f44d6d0d1e1a860398ef5f5d44 (chrome): Executing POST on /session/ac6988f44d6d0d1e1a860398ef5f5d44/elements (handler: ServicedSession)
12:09:23.732 INFO - To upstream: {"using":"css selector","value":"section[class=\"notification-hero\"]"}
12:09:23.746 INFO - To downstream: {"sessionId":"ac6988f44d6d0d1e1a860398ef5f5d44","status":0,"value":[{"ELEMENT":"0.18491672114664737-15"}]}
12:09:23.751 INFO - Found handler: org.openqa.selenium.remote.server.ServicedSession@5abea67a
12:09:23.751 INFO - Handler thread for session ac6988f44d6d0d1e1a860398ef5f5d44 (chrome): Executing POST on /session/ac6988f44d6d0d1e1a860398ef5f5d44/elements (handler: ServicedSession)
12:09:23.753 INFO - To upstream: {"using":"css selector","value":"section[class=\"notification-hero\"]"}
12:09:23.756 INFO - To downstream: {"sessionId":"ac6988f44d6d0d1e1a860398ef5f5d44","status":0,"value":[{"ELEMENT":"0.18491672114664737-15"}]}
12:09:23.756 INFO - Found handler: org.openqa.selenium.remote.server.ServicedSession@5abea67a
12:09:23.756 INFO - Handler thread for session ac6988f44d6d0d1e1a860398ef5f5d44 (chrome): Executing POST on /session/ac6988f44d6d0d1e1a860398ef5f5d44/elements (handler: ServicedSession)
12:09:23.756 INFO - To upstream: {"using":"css selector","value":"li"}
12:09:23.756 INFO - To downstream: {"sessionId":"ac6988f44d6d0d1e1a860398ef5f5d44","status":0,"value":[{"ELEMENT":"0.18491672114664737-3"},{"ELEMENT":"0.18491672114664737-4"},{"ELEMENT":"0.18491672114664737-5"},{"ELEMENT":"0.18491672114664737-6"},{"ELEMENT":"0.18491672114664737-7"},{"ELEMENT":"0.18491672114664737-8"},{"ELEMENT":"0.18491672114664737-9"},{"ELEMENT":"0.18491672114664737-10"},{"ELEMENT":"0.18491672114664737-11"},{"ELEMENT":"0.18491672114664737-12"},{"ELEMENT":"0.18491672114664737-13"},{"ELEMENT":"0.18491672114664737-14"}]}
12:09:24.287 INFO - Found handler: org.openqa.selenium.remote.server.ServicedSession@5abea67a
12:09:24.288 INFO - Handler thread for session ac6988f44d6d0d1e1a860398ef5f5d44 (chrome): Executing GET on /session/ac6988f44d6d0d1e1a860398ef5f5d44/element/0.18491672114664737-3/text (handler: ServicedSession)
12:09:24.305 INFO - To downstream: {"sessionId":"ac6988f44d6d0d1e1a860398ef5f5d44","status":0,"value":"Home"}
12:09:24.305 INFO - Found handler: org.openqa.selenium.remote.server.ServicedSession@5abea67a
12:09:24.305 INFO - Handler thread for session ac6988f44d6d0d1e1a860398ef5f5d44 (chrome): Executing GET on /session/ac6988f44d6d0d1e1a860398ef5f5d44/element/0.18491672114664737-4/text (handler: ServicedSession)
12:09:24.320 INFO - To downstream: {"sessionId":"ac6988f44d6d0d1e1a860398ef5f5d44","status":0,"value":"Calendar"}
12:09:24.320 INFO - Found handler: org.openqa.selenium.remote.server.ServicedSession@5abea67a
12:09:24.320 INFO - Handler thread for session ac6988f44d6d0d1e1a860398ef5f5d44 (chrome): Executing GET on /session/ac6988f44d6d0d1e1a860398ef5f5d44/element/0.18491672114664737-5/text (handler: ServicedSession)
12:09:24.336 INFO - To downstream: {"sessionId":"ac6988f44d6d0d1e1a860398ef5f5d44","status":0,"value":"About Us"}
12:09:24.336 INFO - Found handler: org.openqa.selenium.remote.server.ServicedSession@5abea67a
12:09:24.336 INFO - Handler thread for session ac6988f44d6d0d1e1a860398ef5f5d44 (chrome): Executing POST on /session/ac6988f44d6d0d1e1a860398ef5f5d44/element/0.18491672114664737-5/click (handler: ServicedSession)
12:09:24.336 INFO - To upstream: 
12:09:24.434 INFO - To downstream: {"sessionId":"ac6988f44d6d0d1e1a860398ef5f5d44","status":0,"value":null}
12:09:24.440 INFO - Found handler: org.openqa.selenium.remote.server.ServicedSession@5abea67a
12:09:24.440 INFO - Handler thread for session ac6988f44d6d0d1e1a860398ef5f5d44 (chrome): Executing GET on /session/ac6988f44d6d0d1e1a860398ef5f5d44/element/0.18491672114664737-6/text (handler: ServicedSession)
12:09:24.470 INFO - To downstream: {"sessionId":"ac6988f44d6d0d1e1a860398ef5f5d44","status":0,"value":"Media"}
12:09:24.474 INFO - Found handler: org.openqa.selenium.remote.server.ServicedSession@5abea67a
12:09:24.475 INFO - Handler thread for session ac6988f44d6d0d1e1a860398ef5f5d44 (chrome): Executing GET on /session/ac6988f44d6d0d1e1a860398ef5f5d44/element/0.18491672114664737-7/text (handler: ServicedSession)
12:09:24.483 INFO - To downstream: {"sessionId":"ac6988f44d6d0d1e1a860398ef5f5d44","status":0,"value":"Blog"}
12:09:24.486 INFO - Found handler: org.openqa.selenium.remote.server.ServicedSession@5abea67a
12:09:24.486 INFO - Handler thread for session ac6988f44d6d0d1e1a860398ef5f5d44 (chrome): Executing GET on /session/ac6988f44d6d0d1e1a860398ef5f5d44/element/0.18491672114664737-8/text (handler: ServicedSession)
12:09:24.547 INFO - To downstream: {"sessionId":"ac6988f44d6d0d1e1a860398ef5f5d44","status":0,"value":"Support Us"}
12:09:24.552 INFO - Found handler: org.openqa.selenium.remote.server.ServicedSession@5abea67a
12:09:24.553 INFO - Handler thread for session ac6988f44d6d0d1e1a860398ef5f5d44 (chrome): Executing GET on /session/ac6988f44d6d0d1e1a860398ef5f5d44/element/0.18491672114664737-9/text (handler: ServicedSession)
12:09:24.564 INFO - To downstream: {"sessionId":"ac6988f44d6d0d1e1a860398ef5f5d44","status":0,"value":"Home"}
12:09:24.567 INFO - Found handler: org.openqa.selenium.remote.server.ServicedSession@5abea67a
12:09:24.567 INFO - Handler thread for session ac6988f44d6d0d1e1a860398ef5f5d44 (chrome): Executing GET on /session/ac6988f44d6d0d1e1a860398ef5f5d44/element/0.18491672114664737-10/text (handler: ServicedSession)
12:09:24.577 INFO - To downstream: {"sessionId":"ac6988f44d6d0d1e1a860398ef5f5d44","status":0,"value":"About us"}
12:09:24.581 INFO - Found handler: org.openqa.selenium.remote.server.ServicedSession@5abea67a
12:09:24.581 INFO - Handler thread for session ac6988f44d6d0d1e1a860398ef5f5d44 (chrome): Executing GET on /session/ac6988f44d6d0d1e1a860398ef5f5d44/element/0.18491672114664737-11/text (handler: ServicedSession)
12:09:24.593 INFO - To downstream: {"sessionId":"ac6988f44d6d0d1e1a860398ef5f5d44","status":0,"value":"Our Team"}
12:09:24.598 INFO - Found handler: org.openqa.selenium.remote.server.ServicedSession@5abea67a
12:09:24.598 INFO - Handler thread for session ac6988f44d6d0d1e1a860398ef5f5d44 (chrome): Executing GET on /session/ac6988f44d6d0d1e1a860398ef5f5d44/element/0.18491672114664737-12/text (handler: ServicedSession)
12:09:24.606 INFO - To downstream: {"sessionId":"ac6988f44d6d0d1e1a860398ef5f5d44","status":0,"value":"Calendar"}
12:09:24.609 INFO - Found handler: org.openqa.selenium.remote.server.ServicedSession@5abea67a
12:09:24.609 INFO - Handler thread for session ac6988f44d6d0d1e1a860398ef5f5d44 (chrome): Executing GET on /session/ac6988f44d6d0d1e1a860398ef5f5d44/element/0.18491672114664737-13/text (handler: ServicedSession)
12:09:24.616 INFO - To downstream: {"sessionId":"ac6988f44d6d0d1e1a860398ef5f5d44","status":0,"value":"Volunteer"}
12:09:24.619 INFO - Found handler: org.openqa.selenium.remote.server.ServicedSession@5abea67a
12:09:24.619 INFO - Handler thread for session ac6988f44d6d0d1e1a860398ef5f5d44 (chrome): Executing GET on /session/ac6988f44d6d0d1e1a860398ef5f5d44/element/0.18491672114664737-14/text (handler: ServicedSession)
12:09:24.627 INFO - To downstream: {"sessionId":"ac6988f44d6d0d1e1a860398ef5f5d44","status":0,"value":"Donate"}
12:09:24.630 INFO - Found handler: org.openqa.selenium.remote.server.ServicedSession@5abea67a
12:09:24.630 INFO - Handler thread for session ac6988f44d6d0d1e1a860398ef5f5d44 (chrome): Executing POST on /session/ac6988f44d6d0d1e1a860398ef5f5d44/elements (handler: ServicedSession)
12:09:24.631 INFO - To upstream: {"using":"css selector","value":"div[class=\"who-we-are-header\"]"}
12:09:24.636 INFO - To downstream: {"sessionId":"ac6988f44d6d0d1e1a860398ef5f5d44","status":0,"value":[{"ELEMENT":"0.18491672114664737-16"}]}
12:09:24.636 INFO - Found handler: org.openqa.selenium.remote.server.ServicedSession@5abea67a
12:09:24.636 INFO - Handler thread for session ac6988f44d6d0d1e1a860398ef5f5d44 (chrome): Executing POST on /session/ac6988f44d6d0d1e1a860398ef5f5d44/elements (handler: ServicedSession)
12:09:24.636 INFO - To upstream: {"using":"css selector","value":"div[class=\"who-we-are-header\"]"}
12:09:24.656 INFO - To downstream: {"sessionId":"ac6988f44d6d0d1e1a860398ef5f5d44","status":0,"value":[{"ELEMENT":"0.18491672114664737-16"}]}
12:09:24.660 INFO - Found handler: org.openqa.selenium.remote.server.ServicedSession@5abea67a
12:09:24.660 INFO - Handler thread for session ac6988f44d6d0d1e1a860398ef5f5d44 (chrome): Executing POST on /session/ac6988f44d6d0d1e1a860398ef5f5d44/elements (handler: ServicedSession)
12:09:24.662 INFO - To upstream: {"using":"css selector","value":"li"}
12:09:24.668 INFO - To downstream: {"sessionId":"ac6988f44d6d0d1e1a860398ef5f5d44","status":0,"value":[{"ELEMENT":"0.18491672114664737-3"},{"ELEMENT":"0.18491672114664737-4"},{"ELEMENT":"0.18491672114664737-5"},{"ELEMENT":"0.18491672114664737-6"},{"ELEMENT":"0.18491672114664737-7"},{"ELEMENT":"0.18491672114664737-8"},{"ELEMENT":"0.18491672114664737-17"},{"ELEMENT":"0.18491672114664737-18"},{"ELEMENT":"0.18491672114664737-19"},{"ELEMENT":"0.18491672114664737-20"},{"ELEMENT":"0.18491672114664737-21"},{"ELEMENT":"0.18491672114664737-22"},{"ELEMENT":"0.18491672114664737-23"},{"ELEMENT":"0.18491672114664737-24"},{"ELEMENT":"0.18491672114664737-25"},{"ELEMENT":"0.18491672114664737-26"},{"ELEMENT":"0.18491672114664737-27"},{"ELEMENT":"0.18491672114664737-28"},{"ELEMENT":"0.18491672114664737-29"},{"ELEMENT":"0.18491672114664737-30"},{"ELEMENT":"0.18491672114664737-31"},{"ELEMENT":"0.18491672114664737-32"},{"ELEMENT":"0.18491672114664737-33"},{"ELEMENT":"0.18491672114664737-34"},{"ELEMENT":"0.18491672114664737-35"},{"ELEMENT":"0.18491672114664737-36"},{"ELEMENT":"0.18491672114664737-37"},{"ELEMENT":"0.18491672114664737-38"},{"ELEMENT":"0.18491672114664737-39"},{"ELEMENT":"0.18491672114664737-40"},{"ELEMENT":"0.18491672114664737-41"},{"ELEMENT":"0.18491672114664737-42"},{"ELEMENT":"0.18491672114664737-43"},{"ELEMENT":"0.18491672114664737-44"},{"ELEMENT":"0.18491672114664737-45"},{"ELEMENT":"0.18491672114664737-46"},{"ELEMENT":"0.18491672114664737-47"},{"ELEMENT":"0.18491672114664737-48"},{"ELEMENT":"0.18491672114664737-49"},{"ELEMENT":"0.18491672114664737-50"},{"ELEMENT":"0.18491672114664737-51"},{"ELEMENT":"0.18491672114664737-52"},{"ELEMENT":"0.18491672114664737-9"},{"ELEMENT":"0.18491672114664737-10"},{"ELEMENT":"0.18491672114664737-11"},{"ELEMENT":"0.18491672114664737-12"},{"ELEMENT":"0.18491672114664737-13"},{"ELEMENT":"0.18491672114664737-14"}]}
12:09:25.186 INFO - Found handler: org.openqa.selenium.remote.server.ServicedSession@5abea67a
12:09:25.187 INFO - Handler thread for session ac6988f44d6d0d1e1a860398ef5f5d44 (chrome): Executing GET on /session/ac6988f44d6d0d1e1a860398ef5f5d44/element/0.18491672114664737-3/text (handler: ServicedSession)
12:09:25.206 INFO - To downstream: {"sessionId":"ac6988f44d6d0d1e1a860398ef5f5d44","status":0,"value":"Home"}
12:09:25.206 INFO - Found handler: org.openqa.selenium.remote.server.ServicedSession@5abea67a
12:09:25.206 INFO - Handler thread for session ac6988f44d6d0d1e1a860398ef5f5d44 (chrome): Executing POST on /session/ac6988f44d6d0d1e1a860398ef5f5d44/element/0.18491672114664737-3/click (handler: ServicedSession)
12:09:25.206 INFO - To upstream: 
12:09:25.289 INFO - To downstream: {"sessionId":"ac6988f44d6d0d1e1a860398ef5f5d44","status":0,"value":null}
12:09:25.292 INFO - Found handler: org.openqa.selenium.remote.server.ServicedSession@5abea67a
12:09:25.292 INFO - Handler thread for session ac6988f44d6d0d1e1a860398ef5f5d44 (chrome): Executing GET on /session/ac6988f44d6d0d1e1a860398ef5f5d44/element/0.18491672114664737-4/text (handler: ServicedSession)
12:09:25.308 INFO - To downstream: {"sessionId":"ac6988f44d6d0d1e1a860398ef5f5d44","status":0,"value":"Calendar"}
12:09:25.316 INFO - Found handler: org.openqa.selenium.remote.server.ServicedSession@5abea67a
12:09:25.316 INFO - Handler thread for session ac6988f44d6d0d1e1a860398ef5f5d44 (chrome): Executing GET on /session/ac6988f44d6d0d1e1a860398ef5f5d44/element/0.18491672114664737-5/text (handler: ServicedSession)
12:09:25.331 INFO - To downstream: {"sessionId":"ac6988f44d6d0d1e1a860398ef5f5d44","status":0,"value":"About Us"}
12:09:25.335 INFO - Found handler: org.openqa.selenium.remote.server.ServicedSession@5abea67a
12:09:25.335 INFO - Handler thread for session ac6988f44d6d0d1e1a860398ef5f5d44 (chrome): Executing GET on /session/ac6988f44d6d0d1e1a860398ef5f5d44/element/0.18491672114664737-6/text (handler: ServicedSession)
12:09:25.345 INFO - To downstream: {"sessionId":"ac6988f44d6d0d1e1a860398ef5f5d44","status":0,"value":"Media"}
12:09:25.349 INFO - Found handler: org.openqa.selenium.remote.server.ServicedSession@5abea67a
12:09:25.349 INFO - Handler thread for session ac6988f44d6d0d1e1a860398ef5f5d44 (chrome): Executing GET on /session/ac6988f44d6d0d1e1a860398ef5f5d44/element/0.18491672114664737-7/text (handler: ServicedSession)
12:09:25.358 INFO - To downstream: {"sessionId":"ac6988f44d6d0d1e1a860398ef5f5d44","status":0,"value":"Blog"}
12:09:25.361 INFO - Found handler: org.openqa.selenium.remote.server.ServicedSession@5abea67a
12:09:25.361 INFO - Handler thread for session ac6988f44d6d0d1e1a860398ef5f5d44 (chrome): Executing GET on /session/ac6988f44d6d0d1e1a860398ef5f5d44/element/0.18491672114664737-8/text (handler: ServicedSession)
12:09:25.368 INFO - To downstream: {"sessionId":"ac6988f44d6d0d1e1a860398ef5f5d44","status":0,"value":"Support Us"}
12:09:25.371 INFO - Found handler: org.openqa.selenium.remote.server.ServicedSession@5abea67a
12:09:25.371 INFO - Handler thread for session ac6988f44d6d0d1e1a860398ef5f5d44 (chrome): Executing GET on /session/ac6988f44d6d0d1e1a860398ef5f5d44/element/0.18491672114664737-17/text (handler: ServicedSession)
12:09:25.380 INFO - To downstream: {"sessionId":"ac6988f44d6d0d1e1a860398ef5f5d44","status":10,"value":{"message":"stale element reference: element is not attached to the page document\n  (Session info: chrome=62.0.3202.89)\n  (Driver info: chromedriver=2.33.506120 (e3e53437346286c0bc2d2dc9aa4915ba81d9023f),platform=Windows NT 10.0.15063 x86_64)"}}
12:09:25.383 INFO - Found handler: org.openqa.selenium.remote.server.ServicedSession@5abea67a
12:09:25.383 INFO - Handler thread for session ac6988f44d6d0d1e1a860398ef5f5d44 (chrome): Executing GET on /session/ac6988f44d6d0d1e1a860398ef5f5d44/element/0.18491672114664737-18/text (handler: ServicedSession)
12:09:25.391 INFO - To downstream: {"sessionId":"ac6988f44d6d0d1e1a860398ef5f5d44","status":10,"value":{"message":"stale element reference: element is not attached to the page document\n  (Session info: chrome=62.0.3202.89)\n  (Driver info: chromedriver=2.33.506120 (e3e53437346286c0bc2d2dc9aa4915ba81d9023f),platform=Windows NT 10.0.15063 x86_64)"}}
12:09:25.394 INFO - Found handler: org.openqa.selenium.remote.server.ServicedSession@5abea67a
12:09:25.394 INFO - Handler thread for session ac6988f44d6d0d1e1a860398ef5f5d44 (chrome): Executing GET on /session/ac6988f44d6d0d1e1a860398ef5f5d44/element/0.18491672114664737-19/text (handler: ServicedSession)
12:09:25.402 INFO - To downstream: {"sessionId":"ac6988f44d6d0d1e1a860398ef5f5d44","status":10,"value":{"message":"stale element reference: element is not attached to the page document\n  (Session info: chrome=62.0.3202.89)\n  (Driver info: chromedriver=2.33.506120 (e3e53437346286c0bc2d2dc9aa4915ba81d9023f),platform=Windows NT 10.0.15063 x86_64)"}}
12:09:25.402 INFO - Found handler: org.openqa.selenium.remote.server.ServicedSession@5abea67a
12:09:25.402 INFO - Handler thread for session ac6988f44d6d0d1e1a860398ef5f5d44 (chrome): Executing GET on /session/ac6988f44d6d0d1e1a860398ef5f5d44/element/0.18491672114664737-20/text (handler: ServicedSession)
12:09:25.402 INFO - To downstream: {"sessionId":"ac6988f44d6d0d1e1a860398ef5f5d44","status":10,"value":{"message":"stale element reference: element is not attached to the page document\n  (Session info: chrome=62.0.3202.89)\n  (Driver info: chromedriver=2.33.506120 (e3e53437346286c0bc2d2dc9aa4915ba81d9023f),platform=Windows NT 10.0.15063 x86_64)"}}
12:09:25.402 INFO - Found handler: org.openqa.selenium.remote.server.ServicedSession@5abea67a
12:09:25.402 INFO - Handler thread for session ac6988f44d6d0d1e1a860398ef5f5d44 (chrome): Executing GET on /session/ac6988f44d6d0d1e1a860398ef5f5d44/element/0.18491672114664737-21/text (handler: ServicedSession)
12:09:25.417 INFO - To downstream: {"sessionId":"ac6988f44d6d0d1e1a860398ef5f5d44","status":10,"value":{"message":"stale element reference: element is not attached to the page document\n  (Session info: chrome=62.0.3202.89)\n  (Driver info: chromedriver=2.33.506120 (e3e53437346286c0bc2d2dc9aa4915ba81d9023f),platform=Windows NT 10.0.15063 x86_64)"}}
12:09:25.417 INFO - Found handler: org.openqa.selenium.remote.server.ServicedSession@5abea67a
12:09:25.417 INFO - Handler thread for session ac6988f44d6d0d1e1a860398ef5f5d44 (chrome): Executing GET on /session/ac6988f44d6d0d1e1a860398ef5f5d44/element/0.18491672114664737-22/text (handler: ServicedSession)
12:09:25.436 INFO - To downstream: {"sessionId":"ac6988f44d6d0d1e1a860398ef5f5d44","status":10,"value":{"message":"stale element reference: element is not attached to the page document\n  (Session info: chrome=62.0.3202.89)\n  (Driver info: chromedriver=2.33.506120 (e3e53437346286c0bc2d2dc9aa4915ba81d9023f),platform=Windows NT 10.0.15063 x86_64)"}}
12:09:25.439 INFO - Found handler: org.openqa.selenium.remote.server.ServicedSession@5abea67a
12:09:25.439 INFO - Handler thread for session ac6988f44d6d0d1e1a860398ef5f5d44 (chrome): Executing GET on /session/ac6988f44d6d0d1e1a860398ef5f5d44/element/0.18491672114664737-23/text (handler: ServicedSession)
12:09:25.448 INFO - To downstream: {"sessionId":"ac6988f44d6d0d1e1a860398ef5f5d44","status":10,"value":{"message":"stale element reference: element is not attached to the page document\n  (Session info: chrome=62.0.3202.89)\n  (Driver info: chromedriver=2.33.506120 (e3e53437346286c0bc2d2dc9aa4915ba81d9023f),platform=Windows NT 10.0.15063 x86_64)"}}
12:09:25.451 INFO - Found handler: org.openqa.selenium.remote.server.ServicedSession@5abea67a
12:09:25.451 INFO - Handler thread for session ac6988f44d6d0d1e1a860398ef5f5d44 (chrome): Executing GET on /session/ac6988f44d6d0d1e1a860398ef5f5d44/element/0.18491672114664737-24/text (handler: ServicedSession)
12:09:25.454 INFO - To downstream: {"sessionId":"ac6988f44d6d0d1e1a860398ef5f5d44","status":10,"value":{"message":"stale element reference: element is not attached to the page document\n  (Session info: chrome=62.0.3202.89)\n  (Driver info: chromedriver=2.33.506120 (e3e53437346286c0bc2d2dc9aa4915ba81d9023f),platform=Windows NT 10.0.15063 x86_64)"}}
12:09:25.454 INFO - Found handler: org.openqa.selenium.remote.server.ServicedSession@5abea67a
12:09:25.454 INFO - Handler thread for session ac6988f44d6d0d1e1a860398ef5f5d44 (chrome): Executing GET on /session/ac6988f44d6d0d1e1a860398ef5f5d44/element/0.18491672114664737-25/text (handler: ServicedSession)
12:09:25.469 INFO - To downstream: {"sessionId":"ac6988f44d6d0d1e1a860398ef5f5d44","status":10,"value":{"message":"stale element reference: element is not attached to the page document\n  (Session info: chrome=62.0.3202.89)\n  (Driver info: chromedriver=2.33.506120 (e3e53437346286c0bc2d2dc9aa4915ba81d9023f),platform=Windows NT 10.0.15063 x86_64)"}}
12:09:25.469 INFO - Found handler: org.openqa.selenium.remote.server.ServicedSession@5abea67a
12:09:25.469 INFO - Handler thread for session ac6988f44d6d0d1e1a860398ef5f5d44 (chrome): Executing GET on /session/ac6988f44d6d0d1e1a860398ef5f5d44/element/0.18491672114664737-26/text (handler: ServicedSession)
12:09:25.485 INFO - To downstream: {"sessionId":"ac6988f44d6d0d1e1a860398ef5f5d44","status":10,"value":{"message":"stale element reference: element is not attached to the page document\n  (Session info: chrome=62.0.3202.89)\n  (Driver info: chromedriver=2.33.506120 (e3e53437346286c0bc2d2dc9aa4915ba81d9023f),platform=Windows NT 10.0.15063 x86_64)"}}
12:09:25.488 INFO - Found handler: org.openqa.selenium.remote.server.ServicedSession@5abea67a
12:09:25.488 INFO - Handler thread for session ac6988f44d6d0d1e1a860398ef5f5d44 (chrome): Executing GET on /session/ac6988f44d6d0d1e1a860398ef5f5d44/element/0.18491672114664737-27/text (handler: ServicedSession)
12:09:25.497 INFO - To downstream: {"sessionId":"ac6988f44d6d0d1e1a860398ef5f5d44","status":10,"value":{"message":"stale element reference: element is not attached to the page document\n  (Session info: chrome=62.0.3202.89)\n  (Driver info: chromedriver=2.33.506120 (e3e53437346286c0bc2d2dc9aa4915ba81d9023f),platform=Windows NT 10.0.15063 x86_64)"}}
12:09:25.500 INFO - Found handler: org.openqa.selenium.remote.server.ServicedSession@5abea67a
12:09:25.500 INFO - Handler thread for session ac6988f44d6d0d1e1a860398ef5f5d44 (chrome): Executing GET on /session/ac6988f44d6d0d1e1a860398ef5f5d44/element/0.18491672114664737-28/text (handler: ServicedSession)
12:09:25.509 INFO - To downstream: {"sessionId":"ac6988f44d6d0d1e1a860398ef5f5d44","status":10,"value":{"message":"stale element reference: element is not attached to the page document\n  (Session info: chrome=62.0.3202.89)\n  (Driver info: chromedriver=2.33.506120 (e3e53437346286c0bc2d2dc9aa4915ba81d9023f),platform=Windows NT 10.0.15063 x86_64)"}}
12:09:25.512 INFO - Found handler: org.openqa.selenium.remote.server.ServicedSession@5abea67a
12:09:25.512 INFO - Handler thread for session ac6988f44d6d0d1e1a860398ef5f5d44 (chrome): Executing GET on /session/ac6988f44d6d0d1e1a860398ef5f5d44/element/0.18491672114664737-29/text (handler: ServicedSession)
12:09:25.518 INFO - To downstream: {"sessionId":"ac6988f44d6d0d1e1a860398ef5f5d44","status":10,"value":{"message":"stale element reference: element is not attached to the page document\n  (Session info: chrome=62.0.3202.89)\n  (Driver info: chromedriver=2.33.506120 (e3e53437346286c0bc2d2dc9aa4915ba81d9023f),platform=Windows NT 10.0.15063 x86_64)"}}
12:09:25.518 INFO - Found handler: org.openqa.selenium.remote.server.ServicedSession@5abea67a
12:09:25.518 INFO - Handler thread for session ac6988f44d6d0d1e1a860398ef5f5d44 (chrome): Executing GET on /session/ac6988f44d6d0d1e1a860398ef5f5d44/element/0.18491672114664737-30/text (handler: ServicedSession)
12:09:25.518 INFO - To downstream: {"sessionId":"ac6988f44d6d0d1e1a860398ef5f5d44","status":10,"value":{"message":"stale element reference: element is not attached to the page document\n  (Session info: chrome=62.0.3202.89)\n  (Driver info: chromedriver=2.33.506120 (e3e53437346286c0bc2d2dc9aa4915ba81d9023f),platform=Windows NT 10.0.15063 x86_64)"}}
12:09:25.533 INFO - Found handler: org.openqa.selenium.remote.server.ServicedSession@5abea67a
12:09:25.533 INFO - Handler thread for session ac6988f44d6d0d1e1a860398ef5f5d44 (chrome): Executing GET on /session/ac6988f44d6d0d1e1a860398ef5f5d44/element/0.18491672114664737-31/text (handler: ServicedSession)
12:09:25.533 INFO - To downstream: {"sessionId":"ac6988f44d6d0d1e1a860398ef5f5d44","status":10,"value":{"message":"stale element reference: element is not attached to the page document\n  (Session info: chrome=62.0.3202.89)\n  (Driver info: chromedriver=2.33.506120 (e3e53437346286c0bc2d2dc9aa4915ba81d9023f),platform=Windows NT 10.0.15063 x86_64)"}}
12:09:25.549 INFO - Found handler: org.openqa.selenium.remote.server.ServicedSession@5abea67a
12:09:25.549 INFO - Handler thread for session ac6988f44d6d0d1e1a860398ef5f5d44 (chrome): Executing GET on /session/ac6988f44d6d0d1e1a860398ef5f5d44/element/0.18491672114664737-32/text (handler: ServicedSession)
12:09:25.549 INFO - To downstream: {"sessionId":"ac6988f44d6d0d1e1a860398ef5f5d44","status":10,"value":{"message":"stale element reference: element is not attached to the page document\n  (Session info: chrome=62.0.3202.89)\n  (Driver info: chromedriver=2.33.506120 (e3e53437346286c0bc2d2dc9aa4915ba81d9023f),platform=Windows NT 10.0.15063 x86_64)"}}
12:09:25.549 INFO - Found handler: org.openqa.selenium.remote.server.ServicedSession@5abea67a
12:09:25.549 INFO - Handler thread for session ac6988f44d6d0d1e1a860398ef5f5d44 (chrome): Executing GET on /session/ac6988f44d6d0d1e1a860398ef5f5d44/element/0.18491672114664737-33/text (handler: ServicedSession)
12:09:25.565 INFO - To downstream: {"sessionId":"ac6988f44d6d0d1e1a860398ef5f5d44","status":10,"value":{"message":"stale element reference: element is not attached to the page document\n  (Session info: chrome=62.0.3202.89)\n  (Driver info: chromedriver=2.33.506120 (e3e53437346286c0bc2d2dc9aa4915ba81d9023f),platform=Windows NT 10.0.15063 x86_64)"}}
12:09:25.565 INFO - Found handler: org.openqa.selenium.remote.server.ServicedSession@5abea67a
12:09:25.565 INFO - Handler thread for session ac6988f44d6d0d1e1a860398ef5f5d44 (chrome): Executing GET on /session/ac6988f44d6d0d1e1a860398ef5f5d44/element/0.18491672114664737-34/text (handler: ServicedSession)
12:09:25.582 INFO - To downstream: {"sessionId":"ac6988f44d6d0d1e1a860398ef5f5d44","status":10,"value":{"message":"stale element reference: element is not attached to the page document\n  (Session info: chrome=62.0.3202.89)\n  (Driver info: chromedriver=2.33.506120 (e3e53437346286c0bc2d2dc9aa4915ba81d9023f),platform=Windows NT 10.0.15063 x86_64)"}}
12:09:25.585 INFO - Found handler: org.openqa.selenium.remote.server.ServicedSession@5abea67a
12:09:25.585 INFO - Handler thread for session ac6988f44d6d0d1e1a860398ef5f5d44 (chrome): Executing GET on /session/ac6988f44d6d0d1e1a860398ef5f5d44/element/0.18491672114664737-35/text (handler: ServicedSession)
12:09:25.591 INFO - To downstream: {"sessionId":"ac6988f44d6d0d1e1a860398ef5f5d44","status":10,"value":{"message":"stale element reference: element is not attached to the page document\n  (Session info: chrome=62.0.3202.89)\n  (Driver info: chromedriver=2.33.506120 (e3e53437346286c0bc2d2dc9aa4915ba81d9023f),platform=Windows NT 10.0.15063 x86_64)"}}
12:09:25.591 INFO - Found handler: org.openqa.selenium.remote.server.ServicedSession@5abea67a
12:09:25.591 INFO - Handler thread for session ac6988f44d6d0d1e1a860398ef5f5d44 (chrome): Executing GET on /session/ac6988f44d6d0d1e1a860398ef5f5d44/element/0.18491672114664737-36/text (handler: ServicedSession)
12:09:25.591 INFO - To downstream: {"sessionId":"ac6988f44d6d0d1e1a860398ef5f5d44","status":10,"value":{"message":"stale element reference: element is not attached to the page document\n  (Session info: chrome=62.0.3202.89)\n  (Driver info: chromedriver=2.33.506120 (e3e53437346286c0bc2d2dc9aa4915ba81d9023f),platform=Windows NT 10.0.15063 x86_64)"}}
12:09:25.607 INFO - Found handler: org.openqa.selenium.remote.server.ServicedSession@5abea67a
12:09:25.607 INFO - Handler thread for session ac6988f44d6d0d1e1a860398ef5f5d44 (chrome): Executing GET on /session/ac6988f44d6d0d1e1a860398ef5f5d44/element/0.18491672114664737-37/text (handler: ServicedSession)
12:09:25.616 INFO - To downstream: {"sessionId":"ac6988f44d6d0d1e1a860398ef5f5d44","status":10,"value":{"message":"stale element reference: element is not attached to the page document\n  (Session info: chrome=62.0.3202.89)\n  (Driver info: chromedriver=2.33.506120 (e3e53437346286c0bc2d2dc9aa4915ba81d9023f),platform=Windows NT 10.0.15063 x86_64)"}}
12:09:25.619 INFO - Found handler: org.openqa.selenium.remote.server.ServicedSession@5abea67a
12:09:25.620 INFO - Handler thread for session ac6988f44d6d0d1e1a860398ef5f5d44 (chrome): Executing GET on /session/ac6988f44d6d0d1e1a860398ef5f5d44/element/0.18491672114664737-38/text (handler: ServicedSession)
12:09:25.629 INFO - To downstream: {"sessionId":"ac6988f44d6d0d1e1a860398ef5f5d44","status":10,"value":{"message":"stale element reference: element is not attached to the page document\n  (Session info: chrome=62.0.3202.89)\n  (Driver info: chromedriver=2.33.506120 (e3e53437346286c0bc2d2dc9aa4915ba81d9023f),platform=Windows NT 10.0.15063 x86_64)"}}
12:09:25.632 INFO - Found handler: org.openqa.selenium.remote.server.ServicedSession@5abea67a
12:09:25.632 INFO - Handler thread for session ac6988f44d6d0d1e1a860398ef5f5d44 (chrome): Executing GET on /session/ac6988f44d6d0d1e1a860398ef5f5d44/element/0.18491672114664737-39/text (handler: ServicedSession)
12:09:25.641 INFO - To downstream: {"sessionId":"ac6988f44d6d0d1e1a860398ef5f5d44","status":10,"value":{"message":"stale element reference: element is not attached to the page document\n  (Session info: chrome=62.0.3202.89)\n  (Driver info: chromedriver=2.33.506120 (e3e53437346286c0bc2d2dc9aa4915ba81d9023f),platform=Windows NT 10.0.15063 x86_64)"}}
12:09:25.643 INFO - Found handler: org.openqa.selenium.remote.server.ServicedSession@5abea67a
12:09:25.643 INFO - Handler thread for session ac6988f44d6d0d1e1a860398ef5f5d44 (chrome): Executing GET on /session/ac6988f44d6d0d1e1a860398ef5f5d44/element/0.18491672114664737-40/text (handler: ServicedSession)
12:09:25.651 INFO - To downstream: {"sessionId":"ac6988f44d6d0d1e1a860398ef5f5d44","status":10,"value":{"message":"stale element reference: element is not attached to the page document\n  (Session info: chrome=62.0.3202.89)\n  (Driver info: chromedriver=2.33.506120 (e3e53437346286c0bc2d2dc9aa4915ba81d9023f),platform=Windows NT 10.0.15063 x86_64)"}}
12:09:25.654 INFO - Found handler: org.openqa.selenium.remote.server.ServicedSession@5abea67a
12:09:25.654 INFO - Handler thread for session ac6988f44d6d0d1e1a860398ef5f5d44 (chrome): Executing GET on /session/ac6988f44d6d0d1e1a860398ef5f5d44/element/0.18491672114664737-41/text (handler: ServicedSession)
12:09:25.662 INFO - To downstream: {"sessionId":"ac6988f44d6d0d1e1a860398ef5f5d44","status":10,"value":{"message":"stale element reference: element is not attached to the page document\n  (Session info: chrome=62.0.3202.89)\n  (Driver info: chromedriver=2.33.506120 (e3e53437346286c0bc2d2dc9aa4915ba81d9023f),platform=Windows NT 10.0.15063 x86_64)"}}
12:09:25.665 INFO - Found handler: org.openqa.selenium.remote.server.ServicedSession@5abea67a
12:09:25.665 INFO - Handler thread for session ac6988f44d6d0d1e1a860398ef5f5d44 (chrome): Executing GET on /session/ac6988f44d6d0d1e1a860398ef5f5d44/element/0.18491672114664737-42/text (handler: ServicedSession)
12:09:25.674 INFO - To downstream: {"sessionId":"ac6988f44d6d0d1e1a860398ef5f5d44","status":10,"value":{"message":"stale element reference: element is not attached to the page document\n  (Session info: chrome=62.0.3202.89)\n  (Driver info: chromedriver=2.33.506120 (e3e53437346286c0bc2d2dc9aa4915ba81d9023f),platform=Windows NT 10.0.15063 x86_64)"}}
12:09:25.677 INFO - Found handler: org.openqa.selenium.remote.server.ServicedSession@5abea67a
12:09:25.677 INFO - Handler thread for session ac6988f44d6d0d1e1a860398ef5f5d44 (chrome): Executing GET on /session/ac6988f44d6d0d1e1a860398ef5f5d44/element/0.18491672114664737-43/text (handler: ServicedSession)
12:09:25.685 INFO - To downstream: {"sessionId":"ac6988f44d6d0d1e1a860398ef5f5d44","status":10,"value":{"message":"stale element reference: element is not attached to the page document\n  (Session info: chrome=62.0.3202.89)\n  (Driver info: chromedriver=2.33.506120 (e3e53437346286c0bc2d2dc9aa4915ba81d9023f),platform=Windows NT 10.0.15063 x86_64)"}}
12:09:25.688 INFO - Found handler: org.openqa.selenium.remote.server.ServicedSession@5abea67a
12:09:25.688 INFO - Handler thread for session ac6988f44d6d0d1e1a860398ef5f5d44 (chrome): Executing GET on /session/ac6988f44d6d0d1e1a860398ef5f5d44/element/0.18491672114664737-44/text (handler: ServicedSession)
12:09:25.698 INFO - To downstream: {"sessionId":"ac6988f44d6d0d1e1a860398ef5f5d44","status":10,"value":{"message":"stale element reference: element is not attached to the page document\n  (Session info: chrome=62.0.3202.89)\n  (Driver info: chromedriver=2.33.506120 (e3e53437346286c0bc2d2dc9aa4915ba81d9023f),platform=Windows NT 10.0.15063 x86_64)"}}
12:09:25.701 INFO - Found handler: org.openqa.selenium.remote.server.ServicedSession@5abea67a
12:09:25.702 INFO - Handler thread for session ac6988f44d6d0d1e1a860398ef5f5d44 (chrome): Executing GET on /session/ac6988f44d6d0d1e1a860398ef5f5d44/element/0.18491672114664737-45/text (handler: ServicedSession)
12:09:25.709 INFO - To downstream: {"sessionId":"ac6988f44d6d0d1e1a860398ef5f5d44","status":10,"value":{"message":"stale element reference: element is not attached to the page document\n  (Session info: chrome=62.0.3202.89)\n  (Driver info: chromedriver=2.33.506120 (e3e53437346286c0bc2d2dc9aa4915ba81d9023f),platform=Windows NT 10.0.15063 x86_64)"}}
12:09:25.709 INFO - Found handler: org.openqa.selenium.remote.server.ServicedSession@5abea67a
12:09:25.709 INFO - Handler thread for session ac6988f44d6d0d1e1a860398ef5f5d44 (chrome): Executing GET on /session/ac6988f44d6d0d1e1a860398ef5f5d44/element/0.18491672114664737-46/text (handler: ServicedSession)
12:09:25.709 INFO - To downstream: {"sessionId":"ac6988f44d6d0d1e1a860398ef5f5d44","status":10,"value":{"message":"stale element reference: element is not attached to the page document\n  (Session info: chrome=62.0.3202.89)\n  (Driver info: chromedriver=2.33.506120 (e3e53437346286c0bc2d2dc9aa4915ba81d9023f),platform=Windows NT 10.0.15063 x86_64)"}}
12:09:25.725 INFO - Found handler: org.openqa.selenium.remote.server.ServicedSession@5abea67a
12:09:25.725 INFO - Handler thread for session ac6988f44d6d0d1e1a860398ef5f5d44 (chrome): Executing GET on /session/ac6988f44d6d0d1e1a860398ef5f5d44/element/0.18491672114664737-47/text (handler: ServicedSession)
12:09:25.734 INFO - To downstream: {"sessionId":"ac6988f44d6d0d1e1a860398ef5f5d44","status":10,"value":{"message":"stale element reference: element is not attached to the page document\n  (Session info: chrome=62.0.3202.89)\n  (Driver info: chromedriver=2.33.506120 (e3e53437346286c0bc2d2dc9aa4915ba81d9023f),platform=Windows NT 10.0.15063 x86_64)"}}
12:09:25.738 INFO - Found handler: org.openqa.selenium.remote.server.ServicedSession@5abea67a
12:09:25.738 INFO - Handler thread for session ac6988f44d6d0d1e1a860398ef5f5d44 (chrome): Executing GET on /session/ac6988f44d6d0d1e1a860398ef5f5d44/element/0.18491672114664737-48/text (handler: ServicedSession)
12:09:25.746 INFO - To downstream: {"sessionId":"ac6988f44d6d0d1e1a860398ef5f5d44","status":10,"value":{"message":"stale element reference: element is not attached to the page document\n  (Session info: chrome=62.0.3202.89)\n  (Driver info: chromedriver=2.33.506120 (e3e53437346286c0bc2d2dc9aa4915ba81d9023f),platform=Windows NT 10.0.15063 x86_64)"}}
12:09:25.748 INFO - Found handler: org.openqa.selenium.remote.server.ServicedSession@5abea67a
12:09:25.749 INFO - Handler thread for session ac6988f44d6d0d1e1a860398ef5f5d44 (chrome): Executing GET on /session/ac6988f44d6d0d1e1a860398ef5f5d44/element/0.18491672114664737-49/text (handler: ServicedSession)
12:09:25.757 INFO - To downstream: {"sessionId":"ac6988f44d6d0d1e1a860398ef5f5d44","status":10,"value":{"message":"stale element reference: element is not attached to the page document\n  (Session info: chrome=62.0.3202.89)\n  (Driver info: chromedriver=2.33.506120 (e3e53437346286c0bc2d2dc9aa4915ba81d9023f),platform=Windows NT 10.0.15063 x86_64)"}}
12:09:25.760 INFO - Found handler: org.openqa.selenium.remote.server.ServicedSession@5abea67a
12:09:25.760 INFO - Handler thread for session ac6988f44d6d0d1e1a860398ef5f5d44 (chrome): Executing GET on /session/ac6988f44d6d0d1e1a860398ef5f5d44/element/0.18491672114664737-50/text (handler: ServicedSession)
12:09:25.760 INFO - To downstream: {"sessionId":"ac6988f44d6d0d1e1a860398ef5f5d44","status":10,"value":{"message":"stale element reference: element is not attached to the page document\n  (Session info: chrome=62.0.3202.89)\n  (Driver info: chromedriver=2.33.506120 (e3e53437346286c0bc2d2dc9aa4915ba81d9023f),platform=Windows NT 10.0.15063 x86_64)"}}
12:09:25.760 INFO - Found handler: org.openqa.selenium.remote.server.ServicedSession@5abea67a
12:09:25.760 INFO - Handler thread for session ac6988f44d6d0d1e1a860398ef5f5d44 (chrome): Executing GET on /session/ac6988f44d6d0d1e1a860398ef5f5d44/element/0.18491672114664737-51/text (handler: ServicedSession)
12:09:25.782 INFO - To downstream: {"sessionId":"ac6988f44d6d0d1e1a860398ef5f5d44","status":10,"value":{"message":"stale element reference: element is not attached to the page document\n  (Session info: chrome=62.0.3202.89)\n  (Driver info: chromedriver=2.33.506120 (e3e53437346286c0bc2d2dc9aa4915ba81d9023f),platform=Windows NT 10.0.15063 x86_64)"}}
12:09:25.784 INFO - Found handler: org.openqa.selenium.remote.server.ServicedSession@5abea67a
12:09:25.784 INFO - Handler thread for session ac6988f44d6d0d1e1a860398ef5f5d44 (chrome): Executing GET on /session/ac6988f44d6d0d1e1a860398ef5f5d44/element/0.18491672114664737-52/text (handler: ServicedSession)
12:09:25.791 INFO - To downstream: {"sessionId":"ac6988f44d6d0d1e1a860398ef5f5d44","status":10,"value":{"message":"stale element reference: element is not attached to the page document\n  (Session info: chrome=62.0.3202.89)\n  (Driver info: chromedriver=2.33.506120 (e3e53437346286c0bc2d2dc9aa4915ba81d9023f),platform=Windows NT 10.0.15063 x86_64)"}}
12:09:25.791 INFO - Found handler: org.openqa.selenium.remote.server.ServicedSession@5abea67a
12:09:25.791 INFO - Handler thread for session ac6988f44d6d0d1e1a860398ef5f5d44 (chrome): Executing GET on /session/ac6988f44d6d0d1e1a860398ef5f5d44/element/0.18491672114664737-9/text (handler: ServicedSession)
12:09:25.791 INFO - To downstream: {"sessionId":"ac6988f44d6d0d1e1a860398ef5f5d44","status":0,"value":"Home"}
12:09:25.791 INFO - Found handler: org.openqa.selenium.remote.server.ServicedSession@5abea67a
12:09:25.791 INFO - Handler thread for session ac6988f44d6d0d1e1a860398ef5f5d44 (chrome): Executing POST on /session/ac6988f44d6d0d1e1a860398ef5f5d44/element/0.18491672114664737-9/click (handler: ServicedSession)
12:09:25.806 INFO - To upstream: 
12:09:25.920 INFO - To downstream: {"sessionId":"ac6988f44d6d0d1e1a860398ef5f5d44","status":0,"value":null}
12:09:25.923 INFO - Found handler: org.openqa.selenium.remote.server.ServicedSession@5abea67a
12:09:25.924 INFO - Handler thread for session ac6988f44d6d0d1e1a860398ef5f5d44 (chrome): Executing GET on /session/ac6988f44d6d0d1e1a860398ef5f5d44/element/0.18491672114664737-10/text (handler: ServicedSession)
12:09:25.931 INFO - To downstream: {"sessionId":"ac6988f44d6d0d1e1a860398ef5f5d44","status":0,"value":"About us"}
12:09:25.936 INFO - Found handler: org.openqa.selenium.remote.server.ServicedSession@5abea67a
12:09:25.936 INFO - Handler thread for session ac6988f44d6d0d1e1a860398ef5f5d44 (chrome): Executing GET on /session/ac6988f44d6d0d1e1a860398ef5f5d44/element/0.18491672114664737-11/text (handler: ServicedSession)
12:09:25.949 INFO - To downstream: {"sessionId":"ac6988f44d6d0d1e1a860398ef5f5d44","status":0,"value":"Our Team"}
12:09:25.958 INFO - Found handler: org.openqa.selenium.remote.server.ServicedSession@5abea67a
12:09:25.958 INFO - Handler thread for session ac6988f44d6d0d1e1a860398ef5f5d44 (chrome): Executing GET on /session/ac6988f44d6d0d1e1a860398ef5f5d44/element/0.18491672114664737-12/text (handler: ServicedSession)
12:09:25.966 INFO - To downstream: {"sessionId":"ac6988f44d6d0d1e1a860398ef5f5d44","status":0,"value":"Calendar"}
12:09:25.976 INFO - Found handler: org.openqa.selenium.remote.server.ServicedSession@5abea67a
12:09:25.976 INFO - Handler thread for session ac6988f44d6d0d1e1a860398ef5f5d44 (chrome): Executing GET on /session/ac6988f44d6d0d1e1a860398ef5f5d44/element/0.18491672114664737-13/text (handler: ServicedSession)
12:09:25.983 INFO - To downstream: {"sessionId":"ac6988f44d6d0d1e1a860398ef5f5d44","status":0,"value":"Volunteer"}
12:09:25.987 INFO - Found handler: org.openqa.selenium.remote.server.ServicedSession@5abea67a
12:09:25.988 INFO - Handler thread for session ac6988f44d6d0d1e1a860398ef5f5d44 (chrome): Executing GET on /session/ac6988f44d6d0d1e1a860398ef5f5d44/element/0.18491672114664737-14/text (handler: ServicedSession)
12:09:25.995 INFO - To downstream: {"sessionId":"ac6988f44d6d0d1e1a860398ef5f5d44","status":0,"value":"Donate"}
12:09:25.997 INFO - Found handler: org.openqa.selenium.remote.server.ServicedSession@5abea67a
12:09:25.997 INFO - Handler thread for session ac6988f44d6d0d1e1a860398ef5f5d44 (chrome): Executing POST on /session/ac6988f44d6d0d1e1a860398ef5f5d44/elements (handler: ServicedSession)
12:09:25.998 INFO - To upstream: {"using":"css selector","value":"div[class=\"home-page\"]"}
12:09:26.012 INFO - To downstream: {"sessionId":"ac6988f44d6d0d1e1a860398ef5f5d44","status":0,"value":[{"ELEMENT":"0.18491672114664737-53"}]}
12:09:26.012 INFO - Found handler: org.openqa.selenium.remote.server.ServicedSession@5abea67a
12:09:26.012 INFO - Handler thread for session ac6988f44d6d0d1e1a860398ef5f5d44 (chrome): Executing POST on /session/ac6988f44d6d0d1e1a860398ef5f5d44/elements (handler: ServicedSession)
12:09:26.012 INFO - To upstream: {"using":"css selector","value":"div[class=\"home-page\"]"}
12:09:26.012 INFO - To downstream: {"sessionId":"ac6988f44d6d0d1e1a860398ef5f5d44","status":0,"value":[{"ELEMENT":"0.18491672114664737-53"}]}
12:09:26.012 INFO - Found handler: org.openqa.selenium.remote.server.ServicedSession@5abea67a
12:09:26.012 INFO - Handler thread for session ac6988f44d6d0d1e1a860398ef5f5d44 (chrome): Executing POST on /session/ac6988f44d6d0d1e1a860398ef5f5d44/elements (handler: ServicedSession)
12:09:26.028 INFO - To upstream: {"using":"css selector","value":"li"}
12:09:26.028 INFO - To downstream: {"sessionId":"ac6988f44d6d0d1e1a860398ef5f5d44","status":0,"value":[{"ELEMENT":"0.18491672114664737-3"},{"ELEMENT":"0.18491672114664737-4"},{"ELEMENT":"0.18491672114664737-5"},{"ELEMENT":"0.18491672114664737-6"},{"ELEMENT":"0.18491672114664737-7"},{"ELEMENT":"0.18491672114664737-8"},{"ELEMENT":"0.18491672114664737-54"},{"ELEMENT":"0.18491672114664737-55"},{"ELEMENT":"0.18491672114664737-56"},{"ELEMENT":"0.18491672114664737-57"},{"ELEMENT":"0.18491672114664737-58"},{"ELEMENT":"0.18491672114664737-59"},{"ELEMENT":"0.18491672114664737-60"},{"ELEMENT":"0.18491672114664737-9"},{"ELEMENT":"0.18491672114664737-10"},{"ELEMENT":"0.18491672114664737-11"},{"ELEMENT":"0.18491672114664737-12"},{"ELEMENT":"0.18491672114664737-13"},{"ELEMENT":"0.18491672114664737-14"}]}
12:09:26.539 INFO - Found handler: org.openqa.selenium.remote.server.ServicedSession@5abea67a
12:09:26.539 INFO - Handler thread for session ac6988f44d6d0d1e1a860398ef5f5d44 (chrome): Executing GET on /session/ac6988f44d6d0d1e1a860398ef5f5d44/element/0.18491672114664737-3/text (handler: ServicedSession)
12:09:26.539 INFO - To downstream: {"sessionId":"ac6988f44d6d0d1e1a860398ef5f5d44","status":0,"value":"Home"}
12:09:26.554 INFO - Found handler: org.openqa.selenium.remote.server.ServicedSession@5abea67a
12:09:26.554 INFO - Handler thread for session ac6988f44d6d0d1e1a860398ef5f5d44 (chrome): Executing GET on /session/ac6988f44d6d0d1e1a860398ef5f5d44/element/0.18491672114664737-4/text (handler: ServicedSession)
12:09:26.554 INFO - To downstream: {"sessionId":"ac6988f44d6d0d1e1a860398ef5f5d44","status":0,"value":"Calendar"}
12:09:26.554 INFO - Found handler: org.openqa.selenium.remote.server.ServicedSession@5abea67a
12:09:26.554 INFO - Handler thread for session ac6988f44d6d0d1e1a860398ef5f5d44 (chrome): Executing GET on /session/ac6988f44d6d0d1e1a860398ef5f5d44/element/0.18491672114664737-5/text (handler: ServicedSession)
12:09:26.570 INFO - To downstream: {"sessionId":"ac6988f44d6d0d1e1a860398ef5f5d44","status":0,"value":"About Us"}
12:09:26.570 INFO - Found handler: org.openqa.selenium.remote.server.ServicedSession@5abea67a
12:09:26.570 INFO - Handler thread for session ac6988f44d6d0d1e1a860398ef5f5d44 (chrome): Executing GET on /session/ac6988f44d6d0d1e1a860398ef5f5d44/element/0.18491672114664737-6/text (handler: ServicedSession)
12:09:26.570 INFO - To downstream: {"sessionId":"ac6988f44d6d0d1e1a860398ef5f5d44","status":0,"value":"Media"}
12:09:26.570 INFO - Found handler: org.openqa.selenium.remote.server.ServicedSession@5abea67a
12:09:26.570 INFO - Handler thread for session ac6988f44d6d0d1e1a860398ef5f5d44 (chrome): Executing GET on /session/ac6988f44d6d0d1e1a860398ef5f5d44/element/0.18491672114664737-7/text (handler: ServicedSession)
12:09:26.589 INFO - To downstream: {"sessionId":"ac6988f44d6d0d1e1a860398ef5f5d44","status":0,"value":"Blog"}
12:09:26.591 INFO - Found handler: org.openqa.selenium.remote.server.ServicedSession@5abea67a
12:09:26.591 INFO - Handler thread for session ac6988f44d6d0d1e1a860398ef5f5d44 (chrome): Executing GET on /session/ac6988f44d6d0d1e1a860398ef5f5d44/element/0.18491672114664737-8/text (handler: ServicedSession)
12:09:26.591 INFO - To downstream: {"sessionId":"ac6988f44d6d0d1e1a860398ef5f5d44","status":0,"value":"Support Us"}
12:09:26.591 INFO - Found handler: org.openqa.selenium.remote.server.ServicedSession@5abea67a
12:09:26.591 INFO - Handler thread for session ac6988f44d6d0d1e1a860398ef5f5d44 (chrome): Executing GET on /session/ac6988f44d6d0d1e1a860398ef5f5d44/element/0.18491672114664737-54/text (handler: ServicedSession)
12:09:26.607 INFO - To downstream: {"sessionId":"ac6988f44d6d0d1e1a860398ef5f5d44","status":0,"value":"June 12th\nJazz Violin \"The Pittsburgh Way\""}
12:09:26.607 INFO - Found handler: org.openqa.selenium.remote.server.ServicedSession@5abea67a
12:09:26.607 INFO - Handler thread for session ac6988f44d6d0d1e1a860398ef5f5d44 (chrome): Executing GET on /session/ac6988f44d6d0d1e1a860398ef5f5d44/element/0.18491672114664737-55/text (handler: ServicedSession)
12:09:26.639 INFO - To downstream: {"sessionId":"ac6988f44d6d0d1e1a860398ef5f5d44","status":0,"value":"June 24th\nPittsburgh Carnaval Showcase 2017!"}
12:09:26.639 INFO - Found handler: org.openqa.selenium.remote.server.ServicedSession@5abea67a
12:09:26.639 INFO - Handler thread for session ac6988f44d6d0d1e1a860398ef5f5d44 (chrome): Executing GET on /session/ac6988f44d6d0d1e1a860398ef5f5d44/element/0.18491672114664737-56/text (handler: ServicedSession)
12:09:26.654 INFO - To downstream: {"sessionId":"ac6988f44d6d0d1e1a860398ef5f5d44","status":0,"value":"July 30th\nFamily Night Performance"}
12:09:26.654 INFO - Found handler: org.openqa.selenium.remote.server.ServicedSession@5abea67a
12:09:26.654 INFO - Handler thread for session ac6988f44d6d0d1e1a860398ef5f5d44 (chrome): Executing GET on /session/ac6988f44d6d0d1e1a860398ef5f5d44/element/0.18491672114664737-57/text (handler: ServicedSession)
12:09:26.670 INFO - To downstream: {"sessionId":"ac6988f44d6d0d1e1a860398ef5f5d44","status":0,"value":"Music education as social change"}
12:09:26.686 INFO - Found handler: org.openqa.selenium.remote.server.ServicedSession@5abea67a
12:09:26.686 INFO - Handler thread for session ac6988f44d6d0d1e1a860398ef5f5d44 (chrome): Executing GET on /session/ac6988f44d6d0d1e1a860398ef5f5d44/element/0.18491672114664737-58/text (handler: ServicedSession)
12:09:26.692 INFO - To downstream: {"sessionId":"ac6988f44d6d0d1e1a860398ef5f5d44","status":0,"value":"Accessibility"}
12:09:26.692 INFO - Found handler: org.openqa.selenium.remote.server.ServicedSession@5abea67a
12:09:26.692 INFO - Handler thread for session ac6988f44d6d0d1e1a860398ef5f5d44 (chrome): Executing GET on /session/ac6988f44d6d0d1e1a860398ef5f5d44/element/0.18491672114664737-59/text (handler: ServicedSession)
12:09:26.708 INFO - To downstream: {"sessionId":"ac6988f44d6d0d1e1a860398ef5f5d44","status":0,"value":"High standards of musical excellence"}
12:09:26.723 INFO - Found handler: org.openqa.selenium.remote.server.ServicedSession@5abea67a
12:09:26.723 INFO - Handler thread for session ac6988f44d6d0d1e1a860398ef5f5d44 (chrome): Executing GET on /session/ac6988f44d6d0d1e1a860398ef5f5d44/element/0.18491672114664737-60/text (handler: ServicedSession)
12:09:26.739 INFO - To downstream: {"sessionId":"ac6988f44d6d0d1e1a860398ef5f5d44","status":0,"value":"Community"}
12:09:26.739 INFO - Found handler: org.openqa.selenium.remote.server.ServicedSession@5abea67a
12:09:26.739 INFO - Handler thread for session ac6988f44d6d0d1e1a860398ef5f5d44 (chrome): Executing GET on /session/ac6988f44d6d0d1e1a860398ef5f5d44/element/0.18491672114664737-9/text (handler: ServicedSession)
12:09:26.739 INFO - To downstream: {"sessionId":"ac6988f44d6d0d1e1a860398ef5f5d44","status":0,"value":"Home"}
12:09:26.755 INFO - Found handler: org.openqa.selenium.remote.server.ServicedSession@5abea67a
12:09:26.755 INFO - Handler thread for session ac6988f44d6d0d1e1a860398ef5f5d44 (chrome): Executing GET on /session/ac6988f44d6d0d1e1a860398ef5f5d44/element/0.18491672114664737-10/text (handler: ServicedSession)
12:09:26.755 INFO - To downstream: {"sessionId":"ac6988f44d6d0d1e1a860398ef5f5d44","status":0,"value":"About us"}
12:09:26.755 INFO - Found handler: org.openqa.selenium.remote.server.ServicedSession@5abea67a
12:09:26.755 INFO - Handler thread for session ac6988f44d6d0d1e1a860398ef5f5d44 (chrome): Executing GET on /session/ac6988f44d6d0d1e1a860398ef5f5d44/element/0.18491672114664737-11/text (handler: ServicedSession)
12:09:26.770 INFO - To downstream: {"sessionId":"ac6988f44d6d0d1e1a860398ef5f5d44","status":0,"value":"Our Team"}
12:09:26.770 INFO - Found handler: org.openqa.selenium.remote.server.ServicedSession@5abea67a
12:09:26.770 INFO - Handler thread for session ac6988f44d6d0d1e1a860398ef5f5d44 (chrome): Executing GET on /session/ac6988f44d6d0d1e1a860398ef5f5d44/element/0.18491672114664737-12/text (handler: ServicedSession)
12:09:26.770 INFO - To downstream: {"sessionId":"ac6988f44d6d0d1e1a860398ef5f5d44","status":0,"value":"Calendar"}
12:09:26.770 INFO - Found handler: org.openqa.selenium.remote.server.ServicedSession@5abea67a
12:09:26.770 INFO - Handler thread for session ac6988f44d6d0d1e1a860398ef5f5d44 (chrome): Executing GET on /session/ac6988f44d6d0d1e1a860398ef5f5d44/element/0.18491672114664737-13/text (handler: ServicedSession)
12:09:26.792 INFO - To downstream: {"sessionId":"ac6988f44d6d0d1e1a860398ef5f5d44","status":0,"value":"Volunteer"}
12:09:26.792 INFO - Found handler: org.openqa.selenium.remote.server.ServicedSession@5abea67a
12:09:26.792 INFO - Handler thread for session ac6988f44d6d0d1e1a860398ef5f5d44 (chrome): Executing POST on /session/ac6988f44d6d0d1e1a860398ef5f5d44/element/0.18491672114664737-13/click (handler: ServicedSession)
12:09:26.792 INFO - To upstream: 
12:09:26.878 INFO - To downstream: {"sessionId":"ac6988f44d6d0d1e1a860398ef5f5d44","status":0,"value":null}
12:09:26.882 INFO - Found handler: org.openqa.selenium.remote.server.ServicedSession@5abea67a
12:09:26.883 INFO - Handler thread for session ac6988f44d6d0d1e1a860398ef5f5d44 (chrome): Executing GET on /session/ac6988f44d6d0d1e1a860398ef5f5d44/element/0.18491672114664737-14/text (handler: ServicedSession)
12:09:26.893 INFO - To downstream: {"sessionId":"ac6988f44d6d0d1e1a860398ef5f5d44","status":0,"value":"Donate"}
12:09:26.897 INFO - Found handler: org.openqa.selenium.remote.server.ServicedSession@5abea67a
12:09:26.898 INFO - Handler thread for session ac6988f44d6d0d1e1a860398ef5f5d44 (chrome): Executing POST on /session/ac6988f44d6d0d1e1a860398ef5f5d44/elements (handler: ServicedSession)
12:09:26.901 INFO - To upstream: {"using":"css selector","value":"div[class=\"who-we-are-header\"]"}
12:09:26.908 INFO - To downstream: {"sessionId":"ac6988f44d6d0d1e1a860398ef5f5d44","status":0,"value":[{"ELEMENT":"0.18491672114664737-61"}]}
12:09:26.912 INFO - Found handler: org.openqa.selenium.remote.server.ServicedSession@5abea67a
12:09:26.912 INFO - Handler thread for session ac6988f44d6d0d1e1a860398ef5f5d44 (chrome): Executing POST on /session/ac6988f44d6d0d1e1a860398ef5f5d44/elements (handler: ServicedSession)
12:09:26.913 INFO - To upstream: {"using":"css selector","value":"div[class=\"who-we-are-header\"]"}
12:09:26.924 INFO - To downstream: {"sessionId":"ac6988f44d6d0d1e1a860398ef5f5d44","status":0,"value":[{"ELEMENT":"0.18491672114664737-61"}]}
12:09:26.928 INFO - Found handler: org.openqa.selenium.remote.server.ServicedSession@5abea67a
12:09:26.928 INFO - Handler thread for session ac6988f44d6d0d1e1a860398ef5f5d44 (chrome): Executing POST on /session/ac6988f44d6d0d1e1a860398ef5f5d44/elements (handler: ServicedSession)
12:09:26.931 INFO - To upstream: {"using":"css selector","value":"li"}
12:09:26.943 INFO - To downstream: {"sessionId":"ac6988f44d6d0d1e1a860398ef5f5d44","status":0,"value":[{"ELEMENT":"0.18491672114664737-3"},{"ELEMENT":"0.18491672114664737-4"},{"ELEMENT":"0.18491672114664737-5"},{"ELEMENT":"0.18491672114664737-6"},{"ELEMENT":"0.18491672114664737-7"},{"ELEMENT":"0.18491672114664737-8"},{"ELEMENT":"0.18491672114664737-62"},{"ELEMENT":"0.18491672114664737-63"},{"ELEMENT":"0.18491672114664737-64"},{"ELEMENT":"0.18491672114664737-65"},{"ELEMENT":"0.18491672114664737-66"},{"ELEMENT":"0.18491672114664737-67"},{"ELEMENT":"0.18491672114664737-68"},{"ELEMENT":"0.18491672114664737-69"},{"ELEMENT":"0.18491672114664737-70"},{"ELEMENT":"0.18491672114664737-71"},{"ELEMENT":"0.18491672114664737-72"},{"ELEMENT":"0.18491672114664737-73"},{"ELEMENT":"0.18491672114664737-74"},{"ELEMENT":"0.18491672114664737-75"},{"ELEMENT":"0.18491672114664737-76"},{"ELEMENT":"0.18491672114664737-77"},{"ELEMENT":"0.18491672114664737-78"},{"ELEMENT":"0.18491672114664737-79"},{"ELEMENT":"0.18491672114664737-80"},{"ELEMENT":"0.18491672114664737-81"},{"ELEMENT":"0.18491672114664737-82"},{"ELEMENT":"0.18491672114664737-83"},{"ELEMENT":"0.18491672114664737-84"},{"ELEMENT":"0.18491672114664737-85"},{"ELEMENT":"0.18491672114664737-86"},{"ELEMENT":"0.18491672114664737-87"},{"ELEMENT":"0.18491672114664737-88"},{"ELEMENT":"0.18491672114664737-89"},{"ELEMENT":"0.18491672114664737-90"},{"ELEMENT":"0.18491672114664737-91"},{"ELEMENT":"0.18491672114664737-92"},{"ELEMENT":"0.18491672114664737-93"},{"ELEMENT":"0.18491672114664737-94"},{"ELEMENT":"0.18491672114664737-95"},{"ELEMENT":"0.18491672114664737-96"},{"ELEMENT":"0.18491672114664737-97"},{"ELEMENT":"0.18491672114664737-9"},{"ELEMENT":"0.18491672114664737-10"},{"ELEMENT":"0.18491672114664737-11"},{"ELEMENT":"0.18491672114664737-12"},{"ELEMENT":"0.18491672114664737-13"},{"ELEMENT":"0.18491672114664737-14"}]}
12:09:27.456 INFO - Found handler: org.openqa.selenium.remote.server.ServicedSession@5abea67a
12:09:27.456 INFO - Handler thread for session ac6988f44d6d0d1e1a860398ef5f5d44 (chrome): Executing GET on /session/ac6988f44d6d0d1e1a860398ef5f5d44/element/0.18491672114664737-3/text (handler: ServicedSession)
12:09:27.471 INFO - To downstream: {"sessionId":"ac6988f44d6d0d1e1a860398ef5f5d44","status":0,"value":"Home"}
12:09:27.471 INFO - Found handler: org.openqa.selenium.remote.server.ServicedSession@5abea67a
12:09:27.471 INFO - Handler thread for session ac6988f44d6d0d1e1a860398ef5f5d44 (chrome): Executing GET on /session/ac6988f44d6d0d1e1a860398ef5f5d44/element/0.18491672114664737-4/text (handler: ServicedSession)
12:09:27.489 INFO - To downstream: {"sessionId":"ac6988f44d6d0d1e1a860398ef5f5d44","status":0,"value":"Calendar"}
12:09:27.492 INFO - Found handler: org.openqa.selenium.remote.server.ServicedSession@5abea67a
12:09:27.492 INFO - Handler thread for session ac6988f44d6d0d1e1a860398ef5f5d44 (chrome): Executing GET on /session/ac6988f44d6d0d1e1a860398ef5f5d44/element/0.18491672114664737-5/text (handler: ServicedSession)
12:09:27.493 INFO - To downstream: {"sessionId":"ac6988f44d6d0d1e1a860398ef5f5d44","status":0,"value":"About Us"}
12:09:27.493 INFO - Found handler: org.openqa.selenium.remote.server.ServicedSession@5abea67a
12:09:27.493 INFO - Handler thread for session ac6988f44d6d0d1e1a860398ef5f5d44 (chrome): Executing GET on /session/ac6988f44d6d0d1e1a860398ef5f5d44/element/0.18491672114664737-6/text (handler: ServicedSession)
12:09:27.493 INFO - To downstream: {"sessionId":"ac6988f44d6d0d1e1a860398ef5f5d44","status":0,"value":"Media"}
12:09:27.509 INFO - Found handler: org.openqa.selenium.remote.server.ServicedSession@5abea67a
12:09:27.509 INFO - Handler thread for session ac6988f44d6d0d1e1a860398ef5f5d44 (chrome): Executing GET on /session/ac6988f44d6d0d1e1a860398ef5f5d44/element/0.18491672114664737-7/text (handler: ServicedSession)
12:09:27.509 INFO - To downstream: {"sessionId":"ac6988f44d6d0d1e1a860398ef5f5d44","status":0,"value":"Blog"}
12:09:27.509 INFO - Found handler: org.openqa.selenium.remote.server.ServicedSession@5abea67a
12:09:27.509 INFO - Handler thread for session ac6988f44d6d0d1e1a860398ef5f5d44 (chrome): Executing GET on /session/ac6988f44d6d0d1e1a860398ef5f5d44/element/0.18491672114664737-8/text (handler: ServicedSession)
12:09:27.524 INFO - To downstream: {"sessionId":"ac6988f44d6d0d1e1a860398ef5f5d44","status":0,"value":"Support Us"}
12:09:27.524 INFO - Found handler: org.openqa.selenium.remote.server.ServicedSession@5abea67a
12:09:27.524 INFO - Handler thread for session ac6988f44d6d0d1e1a860398ef5f5d44 (chrome): Executing GET on /session/ac6988f44d6d0d1e1a860398ef5f5d44/element/0.18491672114664737-62/text (handler: ServicedSession)
12:09:27.540 INFO - To downstream: {"sessionId":"ac6988f44d6d0d1e1a860398ef5f5d44","status":0,"value":""}
12:09:27.540 INFO - Found handler: org.openqa.selenium.remote.server.ServicedSession@5abea67a
12:09:27.540 INFO - Handler thread for session ac6988f44d6d0d1e1a860398ef5f5d44 (chrome): Executing GET on /session/ac6988f44d6d0d1e1a860398ef5f5d44/element/0.18491672114664737-63/text (handler: ServicedSession)
12:09:27.556 INFO - To downstream: {"sessionId":"ac6988f44d6d0d1e1a860398ef5f5d44","status":0,"value":""}
12:09:27.556 INFO - Found handler: org.openqa.selenium.remote.server.ServicedSession@5abea67a
12:09:27.556 INFO - Handler thread for session ac6988f44d6d0d1e1a860398ef5f5d44 (chrome): Executing GET on /session/ac6988f44d6d0d1e1a860398ef5f5d44/element/0.18491672114664737-64/text (handler: ServicedSession)
12:09:27.589 INFO - To downstream: {"sessionId":"ac6988f44d6d0d1e1a860398ef5f5d44","status":0,"value":""}
12:09:27.593 INFO - Found handler: org.openqa.selenium.remote.server.ServicedSession@5abea67a
12:09:27.593 INFO - Handler thread for session ac6988f44d6d0d1e1a860398ef5f5d44 (chrome): Executing GET on /session/ac6988f44d6d0d1e1a860398ef5f5d44/element/0.18491672114664737-65/text (handler: ServicedSession)
12:09:27.616 INFO - To downstream: {"sessionId":"ac6988f44d6d0d1e1a860398ef5f5d44","status":0,"value":""}
12:09:27.619 INFO - Found handler: org.openqa.selenium.remote.server.ServicedSession@5abea67a
12:09:27.619 INFO - Handler thread for session ac6988f44d6d0d1e1a860398ef5f5d44 (chrome): Executing GET on /session/ac6988f44d6d0d1e1a860398ef5f5d44/element/0.18491672114664737-66/text (handler: ServicedSession)
12:09:27.633 INFO - To downstream: {"sessionId":"ac6988f44d6d0d1e1a860398ef5f5d44","status":0,"value":""}
12:09:27.633 INFO - Found handler: org.openqa.selenium.remote.server.ServicedSession@5abea67a
12:09:27.633 INFO - Handler thread for session ac6988f44d6d0d1e1a860398ef5f5d44 (chrome): Executing GET on /session/ac6988f44d6d0d1e1a860398ef5f5d44/element/0.18491672114664737-67/text (handler: ServicedSession)
12:09:27.649 INFO - To downstream: {"sessionId":"ac6988f44d6d0d1e1a860398ef5f5d44","status":0,"value":""}
12:09:27.649 INFO - Found handler: org.openqa.selenium.remote.server.ServicedSession@5abea67a
12:09:27.649 INFO - Handler thread for session ac6988f44d6d0d1e1a860398ef5f5d44 (chrome): Executing GET on /session/ac6988f44d6d0d1e1a860398ef5f5d44/element/0.18491672114664737-68/text (handler: ServicedSession)
12:09:27.680 INFO - To downstream: {"sessionId":"ac6988f44d6d0d1e1a860398ef5f5d44","status":0,"value":""}
12:09:27.683 INFO - Found handler: org.openqa.selenium.remote.server.ServicedSession@5abea67a
12:09:27.683 INFO - Handler thread for session ac6988f44d6d0d1e1a860398ef5f5d44 (chrome): Executing GET on /session/ac6988f44d6d0d1e1a860398ef5f5d44/element/0.18491672114664737-69/text (handler: ServicedSession)
12:09:27.694 INFO - To downstream: {"sessionId":"ac6988f44d6d0d1e1a860398ef5f5d44","status":0,"value":""}
12:09:27.694 INFO - Found handler: org.openqa.selenium.remote.server.ServicedSession@5abea67a
12:09:27.694 INFO - Handler thread for session ac6988f44d6d0d1e1a860398ef5f5d44 (chrome): Executing GET on /session/ac6988f44d6d0d1e1a860398ef5f5d44/element/0.18491672114664737-70/text (handler: ServicedSession)
12:09:27.710 INFO - To downstream: {"sessionId":"ac6988f44d6d0d1e1a860398ef5f5d44","status":0,"value":""}
12:09:27.725 INFO - Found handler: org.openqa.selenium.remote.server.ServicedSession@5abea67a
12:09:27.725 INFO - Handler thread for session ac6988f44d6d0d1e1a860398ef5f5d44 (chrome): Executing GET on /session/ac6988f44d6d0d1e1a860398ef5f5d44/element/0.18491672114664737-71/text (handler: ServicedSession)
12:09:27.741 INFO - To downstream: {"sessionId":"ac6988f44d6d0d1e1a860398ef5f5d44","status":0,"value":""}
12:09:27.741 INFO - Found handler: org.openqa.selenium.remote.server.ServicedSession@5abea67a
12:09:27.741 INFO - Handler thread for session ac6988f44d6d0d1e1a860398ef5f5d44 (chrome): Executing GET on /session/ac6988f44d6d0d1e1a860398ef5f5d44/element/0.18491672114664737-72/text (handler: ServicedSession)
12:09:27.756 INFO - To downstream: {"sessionId":"ac6988f44d6d0d1e1a860398ef5f5d44","status":0,"value":""}
12:09:27.772 INFO - Found handler: org.openqa.selenium.remote.server.ServicedSession@5abea67a
12:09:27.772 INFO - Handler thread for session ac6988f44d6d0d1e1a860398ef5f5d44 (chrome): Executing GET on /session/ac6988f44d6d0d1e1a860398ef5f5d44/element/0.18491672114664737-73/text (handler: ServicedSession)
12:09:27.791 INFO - To downstream: {"sessionId":"ac6988f44d6d0d1e1a860398ef5f5d44","status":0,"value":""}
12:09:27.794 INFO - Found handler: org.openqa.selenium.remote.server.ServicedSession@5abea67a
12:09:27.794 INFO - Handler thread for session ac6988f44d6d0d1e1a860398ef5f5d44 (chrome): Executing GET on /session/ac6988f44d6d0d1e1a860398ef5f5d44/element/0.18491672114664737-74/text (handler: ServicedSession)
12:09:27.810 INFO - To downstream: {"sessionId":"ac6988f44d6d0d1e1a860398ef5f5d44","status":0,"value":""}
12:09:27.810 INFO - Found handler: org.openqa.selenium.remote.server.ServicedSession@5abea67a
12:09:27.810 INFO - Handler thread for session ac6988f44d6d0d1e1a860398ef5f5d44 (chrome): Executing GET on /session/ac6988f44d6d0d1e1a860398ef5f5d44/element/0.18491672114664737-75/text (handler: ServicedSession)
12:09:27.825 INFO - To downstream: {"sessionId":"ac6988f44d6d0d1e1a860398ef5f5d44","status":0,"value":""}
12:09:27.825 INFO - Found handler: org.openqa.selenium.remote.server.ServicedSession@5abea67a
12:09:27.825 INFO - Handler thread for session ac6988f44d6d0d1e1a860398ef5f5d44 (chrome): Executing GET on /session/ac6988f44d6d0d1e1a860398ef5f5d44/element/0.18491672114664737-76/text (handler: ServicedSession)
12:09:27.851 INFO - To downstream: {"sessionId":"ac6988f44d6d0d1e1a860398ef5f5d44","status":0,"value":""}
12:09:27.851 INFO - Found handler: org.openqa.selenium.remote.server.ServicedSession@5abea67a
12:09:27.851 INFO - Handler thread for session ac6988f44d6d0d1e1a860398ef5f5d44 (chrome): Executing GET on /session/ac6988f44d6d0d1e1a860398ef5f5d44/element/0.18491672114664737-77/text (handler: ServicedSession)
12:09:27.866 INFO - To downstream: {"sessionId":"ac6988f44d6d0d1e1a860398ef5f5d44","status":0,"value":""}
12:09:27.866 INFO - Found handler: org.openqa.selenium.remote.server.ServicedSession@5abea67a
12:09:27.866 INFO - Handler thread for session ac6988f44d6d0d1e1a860398ef5f5d44 (chrome): Executing GET on /session/ac6988f44d6d0d1e1a860398ef5f5d44/element/0.18491672114664737-78/text (handler: ServicedSession)
12:09:27.890 INFO - To downstream: {"sessionId":"ac6988f44d6d0d1e1a860398ef5f5d44","status":0,"value":""}
12:09:27.893 INFO - Found handler: org.openqa.selenium.remote.server.ServicedSession@5abea67a
12:09:27.893 INFO - Handler thread for session ac6988f44d6d0d1e1a860398ef5f5d44 (chrome): Executing GET on /session/ac6988f44d6d0d1e1a860398ef5f5d44/element/0.18491672114664737-79/text (handler: ServicedSession)
12:09:27.910 INFO - To downstream: {"sessionId":"ac6988f44d6d0d1e1a860398ef5f5d44","status":0,"value":""}
12:09:27.910 INFO - Found handler: org.openqa.selenium.remote.server.ServicedSession@5abea67a
12:09:27.910 INFO - Handler thread for session ac6988f44d6d0d1e1a860398ef5f5d44 (chrome): Executing GET on /session/ac6988f44d6d0d1e1a860398ef5f5d44/element/0.18491672114664737-80/text (handler: ServicedSession)
12:09:27.925 INFO - To downstream: {"sessionId":"ac6988f44d6d0d1e1a860398ef5f5d44","status":0,"value":""}
12:09:27.925 INFO - Found handler: org.openqa.selenium.remote.server.ServicedSession@5abea67a
12:09:27.925 INFO - Handler thread for session ac6988f44d6d0d1e1a860398ef5f5d44 (chrome): Executing GET on /session/ac6988f44d6d0d1e1a860398ef5f5d44/element/0.18491672114664737-81/text (handler: ServicedSession)
12:09:27.941 INFO - To downstream: {"sessionId":"ac6988f44d6d0d1e1a860398ef5f5d44","status":0,"value":""}
12:09:27.941 INFO - Found handler: org.openqa.selenium.remote.server.ServicedSession@5abea67a
12:09:27.941 INFO - Handler thread for session ac6988f44d6d0d1e1a860398ef5f5d44 (chrome): Executing GET on /session/ac6988f44d6d0d1e1a860398ef5f5d44/element/0.18491672114664737-82/text (handler: ServicedSession)
12:09:27.957 INFO - To downstream: {"sessionId":"ac6988f44d6d0d1e1a860398ef5f5d44","status":0,"value":""}
12:09:27.957 INFO - Found handler: org.openqa.selenium.remote.server.ServicedSession@5abea67a
12:09:27.957 INFO - Handler thread for session ac6988f44d6d0d1e1a860398ef5f5d44 (chrome): Executing GET on /session/ac6988f44d6d0d1e1a860398ef5f5d44/element/0.18491672114664737-83/text (handler: ServicedSession)
12:09:27.989 INFO - To downstream: {"sessionId":"ac6988f44d6d0d1e1a860398ef5f5d44","status":0,"value":""}
12:09:27.991 INFO - Found handler: org.openqa.selenium.remote.server.ServicedSession@5abea67a
12:09:27.991 INFO - Handler thread for session ac6988f44d6d0d1e1a860398ef5f5d44 (chrome): Executing GET on /session/ac6988f44d6d0d1e1a860398ef5f5d44/element/0.18491672114664737-84/text (handler: ServicedSession)
12:09:27.994 INFO - To downstream: {"sessionId":"ac6988f44d6d0d1e1a860398ef5f5d44","status":0,"value":""}
12:09:28.010 INFO - Found handler: org.openqa.selenium.remote.server.ServicedSession@5abea67a
12:09:28.010 INFO - Handler thread for session ac6988f44d6d0d1e1a860398ef5f5d44 (chrome): Executing GET on /session/ac6988f44d6d0d1e1a860398ef5f5d44/element/0.18491672114664737-85/text (handler: ServicedSession)
12:09:28.026 INFO - To downstream: {"sessionId":"ac6988f44d6d0d1e1a860398ef5f5d44","status":0,"value":""}
12:09:28.026 INFO - Found handler: org.openqa.selenium.remote.server.ServicedSession@5abea67a
12:09:28.026 INFO - Handler thread for session ac6988f44d6d0d1e1a860398ef5f5d44 (chrome): Executing GET on /session/ac6988f44d6d0d1e1a860398ef5f5d44/element/0.18491672114664737-86/text (handler: ServicedSession)
12:09:28.041 INFO - To downstream: {"sessionId":"ac6988f44d6d0d1e1a860398ef5f5d44","status":0,"value":""}
12:09:28.041 INFO - Found handler: org.openqa.selenium.remote.server.ServicedSession@5abea67a
12:09:28.041 INFO - Handler thread for session ac6988f44d6d0d1e1a860398ef5f5d44 (chrome): Executing GET on /session/ac6988f44d6d0d1e1a860398ef5f5d44/element/0.18491672114664737-87/text (handler: ServicedSession)
12:09:28.057 INFO - To downstream: {"sessionId":"ac6988f44d6d0d1e1a860398ef5f5d44","status":0,"value":""}
12:09:28.057 INFO - Found handler: org.openqa.selenium.remote.server.ServicedSession@5abea67a
12:09:28.057 INFO - Handler thread for session ac6988f44d6d0d1e1a860398ef5f5d44 (chrome): Executing GET on /session/ac6988f44d6d0d1e1a860398ef5f5d44/element/0.18491672114664737-88/text (handler: ServicedSession)
12:09:28.072 INFO - To downstream: {"sessionId":"ac6988f44d6d0d1e1a860398ef5f5d44","status":0,"value":""}
12:09:28.090 INFO - Found handler: org.openqa.selenium.remote.server.ServicedSession@5abea67a
12:09:28.091 INFO - Handler thread for session ac6988f44d6d0d1e1a860398ef5f5d44 (chrome): Executing GET on /session/ac6988f44d6d0d1e1a860398ef5f5d44/element/0.18491672114664737-89/text (handler: ServicedSession)
12:09:28.095 INFO - To downstream: {"sessionId":"ac6988f44d6d0d1e1a860398ef5f5d44","status":0,"value":""}
12:09:28.095 INFO - Found handler: org.openqa.selenium.remote.server.ServicedSession@5abea67a
12:09:28.095 INFO - Handler thread for session ac6988f44d6d0d1e1a860398ef5f5d44 (chrome): Executing GET on /session/ac6988f44d6d0d1e1a860398ef5f5d44/element/0.18491672114664737-90/text (handler: ServicedSession)
12:09:28.126 INFO - To downstream: {"sessionId":"ac6988f44d6d0d1e1a860398ef5f5d44","status":0,"value":""}
12:09:28.126 INFO - Found handler: org.openqa.selenium.remote.server.ServicedSession@5abea67a
12:09:28.126 INFO - Handler thread for session ac6988f44d6d0d1e1a860398ef5f5d44 (chrome): Executing GET on /session/ac6988f44d6d0d1e1a860398ef5f5d44/element/0.18491672114664737-91/text (handler: ServicedSession)
12:09:28.142 INFO - To downstream: {"sessionId":"ac6988f44d6d0d1e1a860398ef5f5d44","status":0,"value":""}
12:09:28.142 INFO - Found handler: org.openqa.selenium.remote.server.ServicedSession@5abea67a
12:09:28.142 INFO - Handler thread for session ac6988f44d6d0d1e1a860398ef5f5d44 (chrome): Executing GET on /session/ac6988f44d6d0d1e1a860398ef5f5d44/element/0.18491672114664737-92/text (handler: ServicedSession)
12:09:28.157 INFO - To downstream: {"sessionId":"ac6988f44d6d0d1e1a860398ef5f5d44","status":0,"value":""}
12:09:28.173 INFO - Found handler: org.openqa.selenium.remote.server.ServicedSession@5abea67a
12:09:28.173 INFO - Handler thread for session ac6988f44d6d0d1e1a860398ef5f5d44 (chrome): Executing GET on /session/ac6988f44d6d0d1e1a860398ef5f5d44/element/0.18491672114664737-93/text (handler: ServicedSession)
12:09:28.193 INFO - To downstream: {"sessionId":"ac6988f44d6d0d1e1a860398ef5f5d44","status":0,"value":""}
12:09:28.194 INFO - Found handler: org.openqa.selenium.remote.server.ServicedSession@5abea67a
12:09:28.194 INFO - Handler thread for session ac6988f44d6d0d1e1a860398ef5f5d44 (chrome): Executing GET on /session/ac6988f44d6d0d1e1a860398ef5f5d44/element/0.18491672114664737-94/text (handler: ServicedSession)
12:09:28.210 INFO - To downstream: {"sessionId":"ac6988f44d6d0d1e1a860398ef5f5d44","status":0,"value":""}
12:09:28.210 INFO - Found handler: org.openqa.selenium.remote.server.ServicedSession@5abea67a
12:09:28.210 INFO - Handler thread for session ac6988f44d6d0d1e1a860398ef5f5d44 (chrome): Executing GET on /session/ac6988f44d6d0d1e1a860398ef5f5d44/element/0.18491672114664737-95/text (handler: ServicedSession)
12:09:28.226 INFO - To downstream: {"sessionId":"ac6988f44d6d0d1e1a860398ef5f5d44","status":0,"value":""}
12:09:28.226 INFO - Found handler: org.openqa.selenium.remote.server.ServicedSession@5abea67a
12:09:28.226 INFO - Handler thread for session ac6988f44d6d0d1e1a860398ef5f5d44 (chrome): Executing GET on /session/ac6988f44d6d0d1e1a860398ef5f5d44/element/0.18491672114664737-96/text (handler: ServicedSession)
12:09:28.257 INFO - To downstream: {"sessionId":"ac6988f44d6d0d1e1a860398ef5f5d44","status":0,"value":""}
12:09:28.257 INFO - Found handler: org.openqa.selenium.remote.server.ServicedSession@5abea67a
12:09:28.257 INFO - Handler thread for session ac6988f44d6d0d1e1a860398ef5f5d44 (chrome): Executing GET on /session/ac6988f44d6d0d1e1a860398ef5f5d44/element/0.18491672114664737-97/text (handler: ServicedSession)
12:09:28.273 INFO - To downstream: {"sessionId":"ac6988f44d6d0d1e1a860398ef5f5d44","status":0,"value":""}
12:09:28.273 INFO - Found handler: org.openqa.selenium.remote.server.ServicedSession@5abea67a
12:09:28.273 INFO - Handler thread for session ac6988f44d6d0d1e1a860398ef5f5d44 (chrome): Executing GET on /session/ac6988f44d6d0d1e1a860398ef5f5d44/element/0.18491672114664737-9/text (handler: ServicedSession)
12:09:28.290 INFO - To downstream: {"sessionId":"ac6988f44d6d0d1e1a860398ef5f5d44","status":0,"value":"Home"}
12:09:28.292 INFO - Found handler: org.openqa.selenium.remote.server.ServicedSession@5abea67a
12:09:28.292 INFO - Handler thread for session ac6988f44d6d0d1e1a860398ef5f5d44 (chrome): Executing GET on /session/ac6988f44d6d0d1e1a860398ef5f5d44/element/0.18491672114664737-10/text (handler: ServicedSession)
12:09:28.295 INFO - To downstream: {"sessionId":"ac6988f44d6d0d1e1a860398ef5f5d44","status":0,"value":"About us"}
12:09:28.295 INFO - Found handler: org.openqa.selenium.remote.server.ServicedSession@5abea67a
12:09:28.295 INFO - Handler thread for session ac6988f44d6d0d1e1a860398ef5f5d44 (chrome): Executing GET on /session/ac6988f44d6d0d1e1a860398ef5f5d44/element/0.18491672114664737-11/text (handler: ServicedSession)
12:09:28.295 INFO - To downstream: {"sessionId":"ac6988f44d6d0d1e1a860398ef5f5d44","status":0,"value":"Our Team"}
12:09:28.310 INFO - Found handler: org.openqa.selenium.remote.server.ServicedSession@5abea67a
12:09:28.310 INFO - Handler thread for session ac6988f44d6d0d1e1a860398ef5f5d44 (chrome): Executing GET on /session/ac6988f44d6d0d1e1a860398ef5f5d44/element/0.18491672114664737-12/text (handler: ServicedSession)
12:09:28.310 INFO - To downstream: {"sessionId":"ac6988f44d6d0d1e1a860398ef5f5d44","status":0,"value":"Calendar"}
12:09:28.310 INFO - Found handler: org.openqa.selenium.remote.server.ServicedSession@5abea67a
12:09:28.310 INFO - Handler thread for session ac6988f44d6d0d1e1a860398ef5f5d44 (chrome): Executing GET on /session/ac6988f44d6d0d1e1a860398ef5f5d44/element/0.18491672114664737-13/text (handler: ServicedSession)
12:09:28.326 INFO - To downstream: {"sessionId":"ac6988f44d6d0d1e1a860398ef5f5d44","status":0,"value":"Volunteer"}
12:09:28.326 INFO - Found handler: org.openqa.selenium.remote.server.ServicedSession@5abea67a
12:09:28.326 INFO - Handler thread for session ac6988f44d6d0d1e1a860398ef5f5d44 (chrome): Executing GET on /session/ac6988f44d6d0d1e1a860398ef5f5d44/element/0.18491672114664737-14/text (handler: ServicedSession)
12:09:28.341 INFO - To downstream: {"sessionId":"ac6988f44d6d0d1e1a860398ef5f5d44","status":0,"value":"Donate"}
12:09:28.341 INFO - Found handler: org.openqa.selenium.remote.server.ServicedSession@5abea67a
12:09:28.341 INFO - Handler thread for session ac6988f44d6d0d1e1a860398ef5f5d44 (chrome): Executing POST on /session/ac6988f44d6d0d1e1a860398ef5f5d44/element/0.18491672114664737-14/click (handler: ServicedSession)
12:09:28.341 INFO - To upstream: 
12:09:28.439 INFO - To downstream: {"sessionId":"ac6988f44d6d0d1e1a860398ef5f5d44","status":0,"value":null}
12:09:28.442 INFO - Found handler: org.openqa.selenium.remote.server.ServicedSession@5abea67a
12:09:28.442 INFO - Handler thread for session ac6988f44d6d0d1e1a860398ef5f5d44 (chrome): Executing POST on /session/ac6988f44d6d0d1e1a860398ef5f5d44/elements (handler: ServicedSession)
12:09:28.443 INFO - To upstream: {"using":"css selector","value":"div[class=\"donate-page-header\"]"}
12:09:28.462 INFO - To downstream: {"sessionId":"ac6988f44d6d0d1e1a860398ef5f5d44","status":0,"value":[{"ELEMENT":"0.18491672114664737-98"}]}
12:09:28.467 INFO - Found handler: org.openqa.selenium.remote.server.ServicedSession@5abea67a
12:09:28.467 INFO - Handler thread for session ac6988f44d6d0d1e1a860398ef5f5d44 (chrome): Executing POST on /session/ac6988f44d6d0d1e1a860398ef5f5d44/elements (handler: ServicedSession)
12:09:28.469 INFO - To upstream: {"using":"css selector","value":"div[class=\"donate-page-header\"]"}
12:09:28.477 INFO - To downstream: {"sessionId":"ac6988f44d6d0d1e1a860398ef5f5d44","status":0,"value":[{"ELEMENT":"0.18491672114664737-98"}]}
12:09:28.483 INFO - Found handler: org.openqa.selenium.remote.server.ServicedSession@5abea67a
12:09:28.483 INFO - Handler thread for session ac6988f44d6d0d1e1a860398ef5f5d44 (chrome): Executing POST on /session/ac6988f44d6d0d1e1a860398ef5f5d44/elements (handler: ServicedSession)
12:09:28.484 INFO - To upstream: {"using":"css selector","value":"li"}
12:09:28.498 INFO - To downstream: {"sessionId":"ac6988f44d6d0d1e1a860398ef5f5d44","status":0,"value":[{"ELEMENT":"0.18491672114664737-3"},{"ELEMENT":"0.18491672114664737-4"},{"ELEMENT":"0.18491672114664737-5"},{"ELEMENT":"0.18491672114664737-6"},{"ELEMENT":"0.18491672114664737-7"},{"ELEMENT":"0.18491672114664737-8"},{"ELEMENT":"0.18491672114664737-9"},{"ELEMENT":"0.18491672114664737-10"},{"ELEMENT":"0.18491672114664737-11"},{"ELEMENT":"0.18491672114664737-12"},{"ELEMENT":"0.18491672114664737-13"},{"ELEMENT":"0.18491672114664737-14"}]}
12:09:29.012 INFO - Found handler: org.openqa.selenium.remote.server.ServicedSession@5abea67a
12:09:29.012 INFO - Handler thread for session ac6988f44d6d0d1e1a860398ef5f5d44 (chrome): Executing GET on /session/ac6988f44d6d0d1e1a860398ef5f5d44/element/0.18491672114664737-3/text (handler: ServicedSession)
12:09:29.012 INFO - To downstream: {"sessionId":"ac6988f44d6d0d1e1a860398ef5f5d44","status":0,"value":"Home"}
12:09:29.012 INFO - Found handler: org.openqa.selenium.remote.server.ServicedSession@5abea67a
12:09:29.012 INFO - Handler thread for session ac6988f44d6d0d1e1a860398ef5f5d44 (chrome): Executing GET on /session/ac6988f44d6d0d1e1a860398ef5f5d44/element/0.18491672114664737-4/text (handler: ServicedSession)
12:09:29.028 INFO - To downstream: {"sessionId":"ac6988f44d6d0d1e1a860398ef5f5d44","status":0,"value":"Calendar"}
12:09:29.028 INFO - Found handler: org.openqa.selenium.remote.server.ServicedSession@5abea67a
12:09:29.028 INFO - Handler thread for session ac6988f44d6d0d1e1a860398ef5f5d44 (chrome): Executing GET on /session/ac6988f44d6d0d1e1a860398ef5f5d44/element/0.18491672114664737-5/text (handler: ServicedSession)
12:09:29.028 INFO - To downstream: {"sessionId":"ac6988f44d6d0d1e1a860398ef5f5d44","status":0,"value":"About Us"}
12:09:29.043 INFO - Found handler: org.openqa.selenium.remote.server.ServicedSession@5abea67a
12:09:29.043 INFO - Handler thread for session ac6988f44d6d0d1e1a860398ef5f5d44 (chrome): Executing GET on /session/ac6988f44d6d0d1e1a860398ef5f5d44/element/0.18491672114664737-6/text (handler: ServicedSession)
12:09:29.043 INFO - To downstream: {"sessionId":"ac6988f44d6d0d1e1a860398ef5f5d44","status":0,"value":"Media"}
12:09:29.043 INFO - Found handler: org.openqa.selenium.remote.server.ServicedSession@5abea67a
12:09:29.043 INFO - Handler thread for session ac6988f44d6d0d1e1a860398ef5f5d44 (chrome): Executing GET on /session/ac6988f44d6d0d1e1a860398ef5f5d44/element/0.18491672114664737-7/text (handler: ServicedSession)
12:09:29.059 INFO - To downstream: {"sessionId":"ac6988f44d6d0d1e1a860398ef5f5d44","status":0,"value":"Blog"}
12:09:29.059 INFO - Found handler: org.openqa.selenium.remote.server.ServicedSession@5abea67a
12:09:29.059 INFO - Handler thread for session ac6988f44d6d0d1e1a860398ef5f5d44 (chrome): Executing GET on /session/ac6988f44d6d0d1e1a860398ef5f5d44/element/0.18491672114664737-8/text (handler: ServicedSession)
12:09:29.059 INFO - To downstream: {"sessionId":"ac6988f44d6d0d1e1a860398ef5f5d44","status":0,"value":"Support Us"}
12:09:29.059 INFO - Found handler: org.openqa.selenium.remote.server.ServicedSession@5abea67a
12:09:29.059 INFO - Handler thread for session ac6988f44d6d0d1e1a860398ef5f5d44 (chrome): Executing GET on /session/ac6988f44d6d0d1e1a860398ef5f5d44/element/0.18491672114664737-9/text (handler: ServicedSession)
12:09:29.075 INFO - To downstream: {"sessionId":"ac6988f44d6d0d1e1a860398ef5f5d44","status":0,"value":"Home"}
12:09:29.075 INFO - Found handler: org.openqa.selenium.remote.server.ServicedSession@5abea67a
12:09:29.075 INFO - Handler thread for session ac6988f44d6d0d1e1a860398ef5f5d44 (chrome): Executing GET on /session/ac6988f44d6d0d1e1a860398ef5f5d44/element/0.18491672114664737-10/text (handler: ServicedSession)
12:09:29.075 INFO - To downstream: {"sessionId":"ac6988f44d6d0d1e1a860398ef5f5d44","status":0,"value":"About us"}
12:09:29.090 INFO - Found handler: org.openqa.selenium.remote.server.ServicedSession@5abea67a
12:09:29.091 INFO - Handler thread for session ac6988f44d6d0d1e1a860398ef5f5d44 (chrome): Executing GET on /session/ac6988f44d6d0d1e1a860398ef5f5d44/element/0.18491672114664737-11/text (handler: ServicedSession)
12:09:29.096 INFO - To downstream: {"sessionId":"ac6988f44d6d0d1e1a860398ef5f5d44","status":0,"value":"Our Team"}
12:09:29.096 INFO - Found handler: org.openqa.selenium.remote.server.ServicedSession@5abea67a
12:09:29.096 INFO - Handler thread for session ac6988f44d6d0d1e1a860398ef5f5d44 (chrome): Executing POST on /session/ac6988f44d6d0d1e1a860398ef5f5d44/element/0.18491672114664737-11/click (handler: ServicedSession)
12:09:29.096 INFO - To upstream: 
12:09:29.180 INFO - To downstream: {"sessionId":"ac6988f44d6d0d1e1a860398ef5f5d44","status":0,"value":null}
12:09:29.184 INFO - Found handler: org.openqa.selenium.remote.server.ServicedSession@5abea67a
12:09:29.185 INFO - Handler thread for session ac6988f44d6d0d1e1a860398ef5f5d44 (chrome): Executing GET on /session/ac6988f44d6d0d1e1a860398ef5f5d44/element/0.18491672114664737-12/text (handler: ServicedSession)
12:09:29.192 INFO - To downstream: {"sessionId":"ac6988f44d6d0d1e1a860398ef5f5d44","status":0,"value":"Calendar"}
12:09:29.195 INFO - Found handler: org.openqa.selenium.remote.server.ServicedSession@5abea67a
12:09:29.195 INFO - Handler thread for session ac6988f44d6d0d1e1a860398ef5f5d44 (chrome): Executing GET on /session/ac6988f44d6d0d1e1a860398ef5f5d44/element/0.18491672114664737-13/text (handler: ServicedSession)
12:09:29.205 INFO - To downstream: {"sessionId":"ac6988f44d6d0d1e1a860398ef5f5d44","status":0,"value":"Volunteer"}
12:09:29.208 INFO - Found handler: org.openqa.selenium.remote.server.ServicedSession@5abea67a
12:09:29.208 INFO - Handler thread for session ac6988f44d6d0d1e1a860398ef5f5d44 (chrome): Executing GET on /session/ac6988f44d6d0d1e1a860398ef5f5d44/element/0.18491672114664737-14/text (handler: ServicedSession)
12:09:29.214 INFO - To downstream: {"sessionId":"ac6988f44d6d0d1e1a860398ef5f5d44","status":0,"value":"Donate"}
12:09:29.214 INFO - Found handler: org.openqa.selenium.remote.server.ServicedSession@5abea67a
12:09:29.214 INFO - Handler thread for session ac6988f44d6d0d1e1a860398ef5f5d44 (chrome): Executing POST on /session/ac6988f44d6d0d1e1a860398ef5f5d44/elements (handler: ServicedSession)
12:09:29.214 INFO - To upstream: {"using":"css selector","value":"div[class=\"who-we-are-header\"]"}
12:09:29.214 INFO - To downstream: {"sessionId":"ac6988f44d6d0d1e1a860398ef5f5d44","status":0,"value":[{"ELEMENT":"0.18491672114664737-99"}]}
12:09:29.214 INFO - Found handler: org.openqa.selenium.remote.server.ServicedSession@5abea67a
12:09:29.214 INFO - Handler thread for session ac6988f44d6d0d1e1a860398ef5f5d44 (chrome): Executing POST on /session/ac6988f44d6d0d1e1a860398ef5f5d44/elements (handler: ServicedSession)
12:09:29.214 INFO - To upstream: {"using":"css selector","value":"div[class=\"who-we-are-header\"]"}
12:09:29.234 INFO - To downstream: {"sessionId":"ac6988f44d6d0d1e1a860398ef5f5d44","status":0,"value":[{"ELEMENT":"0.18491672114664737-99"}]}
12:09:29.240 INFO - Found handler: org.openqa.selenium.remote.server.ServicedSession@5abea67a
12:09:29.240 INFO - Handler thread for session ac6988f44d6d0d1e1a860398ef5f5d44 (chrome): Executing DELETE on /session/ac6988f44d6d0d1e1a860398ef5f5d44 (handler: ServicedSession)
12:09:29.286 INFO - To downstream: {"sessionId":"ac6988f44d6d0d1e1a860398ef5f5d44","status":0,"value":null}
12:09:29.294 INFO - Removing session org.openqa.selenium.remote.server.ServicedSession@5abea67a
12:09:29.428 INFO - To downstream: {"sessionId":"","status":0,"value":null}
